# Server version 0.08 running on 10.162.212.12:8123
# Game ID: 589
# Board class: pentago_swap.PentagoBoard
# Timeout: 2000
# First Move Timeout: 30000
# Date: Wed Apr 10 01:03:44 EDT 2019
# Player 1: Player-0, 'RandomPlayer', running on 10.162.212.12
# Player 2: Player-1, '260736135', running on 10.162.212.12
START Player-0 RandomPlayer
START Player-1 260736135
5 2 TR BR 0
3 2 TL TR 1
0 3 TL TR 0
2 2 TL TR 1
4 0 BL BR 0
3 3 TL BR 1
2 3 TL BL 0
3 1 TL BL 1
5 3 BL BR 0
1 2 BL BR 1
2 4 TL TR 0
0 2 TL TR 1
0 4 BL BR 0
1 4 BL BR 1
5 1 TR BR 0
1 4 TR BR 1
3 0 TL BR 0
5 0 TL BR 1
5 2 TR BR 0
0 5 TL BL 1
4 5 TL TR 0
1 3 TL TR 1
4 3 TR BR 0
5 0 TL TR 1
3 3 BL BR 0
3 1 TR BR 1
3 4 TR BR 0
GAMEOVER WINNER 1
# Game ended: Wed Apr 10 01:03:48 EDT 2019
