# Server version 0.08 running on 142.157.55.211:8123
# Game ID: 317
# Board class: pentago_swap.PentagoBoard
# Timeout: 2000
# First Move Timeout: 30000
# Date: Mon Apr 08 21:06:30 EDT 2019
# Player 1: Player-0, '260736135', running on 142.157.55.211
# Player 2: Player-1, 'RandomPlayer', running on 142.157.55.211
START Player-0 260736135
START Player-1 RandomPlayer
0 1 TL BR 0
0 1 TR BR 1
0 0 TL BR 0
3 1 TL TR 1
0 0 TL BL 0
1 4 BL BR 1
0 0 TL TR 0
4 0 TL BL 1
0 2 TL TR 0
5 4 BL BR 1
0 2 TL BR 0
4 0 TL TR 1
0 3 TL BR 0
1 2 BL BR 1
0 4 TR BL 0
5 2 TR BR 1
2 2 BL BR 0
2 0 TL BR 1
0 2 TL TR 0
4 3 TR BR 1
0 2 TL BR 0
GAMEOVER WINNER 1
# Game ended: Mon Apr 08 21:06:30 EDT 2019
