# Server version 0.08 running on 10.162.212.12:8123
# Game ID: 592
# Board class: pentago_swap.PentagoBoard
# Timeout: 2000
# First Move Timeout: 30000
# Date: Wed Apr 10 01:10:46 EDT 2019
# Player 1: Player-0, '260736135', running on 10.162.212.12
# Player 2: Player-1, '260736135', running on 10.162.212.12
START Player-0 260736135
START Player-1 260736135
0 0 TL TR 0
0 5 TL TR 1
0 1 TL TR 0
2 3 TL TR 1
2 2 TL TR 0
0 1 TL TR 1
0 5 TL TR 0
0 0 TR BR 1
2 0 TL BR 0
0 5 TR BR 1
1 0 TL BR 0
0 0 TL TR 1
1 0 TL BL 0
0 4 TL BL 1
2 2 TL TR 0
GAMEOVER WINNER 1
# Game ended: Wed Apr 10 01:10:56 EDT 2019
