# Server version 0.08 running on 142.157.55.211:8123
# Game ID: 209
# Board class: pentago_swap.PentagoBoard
# Timeout: 200000
# First Move Timeout: 30000
# Date: Mon Apr 08 15:58:43 EDT 2019
# Player 1: Player-0, '260736135', running on 142.157.55.211
# Player 2: Player-1, 'SimonBot', running on localhost
START Player-0 260736135
START Player-1 SimonBot
0 0 TL TR 0
0 0 TL TR 1
0 1 TL TR 0
0 1 TL TR 1
0 2 TL TR 0
0 2 TL TR 1
5 2 TR BR 0
0 3 TL TR 1
5 5 TL TR 0
0 4 TL BR 1
GAMEOVER WINNER 1
# Game ended: Mon Apr 08 15:58:45 EDT 2019
