# Server version 0.08 running on 142.157.55.211:8123
# Game ID: 495
# Board class: pentago_swap.PentagoBoard
# Timeout: 2000
# First Move Timeout: 30000
# Date: Tue Apr 09 21:12:02 EDT 2019
# Player 1: Player-0, '260736135', running on 142.157.55.211
# Player 2: Player-1, 'xxxxxx', running on 142.157.55.58
START Player-0 260736135
START Player-1 xxxxxx
0 0 TL TR 0
0 0 TL BL 1
0 0 TL TR 0
0 1 TL BL 1
0 1 TL TR 0
0 1 TL BL 1
0 2 TL TR 0
0 2 TL BL 1
0 2 TL TR 0
1 0 TL BL 1
1 0 TL TR 0
1 0 TL BL 1
1 1 TL TR 0
2 2 TR BL 1
GAMEOVER WINNER 1
# Game ended: Tue Apr 09 21:12:06 EDT 2019
