# Server version 0.08 running on 142.157.55.211:8123
# Game ID: 432
# Board class: pentago_swap.PentagoBoard
# Timeout: 2000
# First Move Timeout: 30000
# Date: Tue Apr 09 18:26:09 EDT 2019
# Player 1: Player-0, '260736135', running on 142.157.55.211
# Player 2: Player-1, 'RandomPlayer', running on 142.157.55.211
START Player-0 260736135
START Player-1 RandomPlayer
5 2 TL BL 0
0 1 TR BR 1
5 3 TR BR 0
3 3 TL TR 1
4 4 TR BL 0
1 3 BL BR 1
5 3 BL BR 0
3 2 TL BL 1
5 3 BL BR 0
5 4 BL BR 1
2 1 BL BR 0
3 3 TL TR 1
GAMEOVER TIMEOUT WINNER 1
# Game ended: Tue Apr 09 18:26:13 EDT 2019
