# Server version 0.08 running on 142.157.55.211:8123
# Game ID: 444
# Board class: pentago_swap.PentagoBoard
# Timeout: 2000
# First Move Timeout: 30000
# Date: Tue Apr 09 18:37:15 EDT 2019
# Player 1: Player-0, 'RandomPlayer', running on 142.157.55.211
# Player 2: Player-1, '260736135', running on 142.157.55.211
START Player-0 RandomPlayer
START Player-1 260736135
5 2 TR BR 0
4 0 TR BL 1
0 3 TL TR 0
5 1 TR BL 1
4 1 BL BR 0
2 1 TL BR 1
1 5 TL BL 0
1 2 TL TR 1
5 1 BL BR 0
4 5 TR BL 1
1 5 TL TR 0
0 4 TL BL 1
0 0 BL BR 0
1 0 BL BR 1
4 3 TR BR 0
2 1 TR BL 1
1 4 TL BR 0
5 0 TL BR 1
5 2 TR BR 0
1 1 TL BL 1
GAMEOVER WINNER 0
# Game ended: Tue Apr 09 18:37:16 EDT 2019
