# Server version 0.08 running on 142.157.55.211:8123
# Game ID: 405
# Board class: pentago_swap.PentagoBoard
# Timeout: 2000
# First Move Timeout: 30000
# Date: Tue Apr 09 17:09:28 EDT 2019
# Starting at move 8
# Player 1: Player-0, '260736135', running on 142.157.55.211
# Player 2: Player-1, '260736135', running on 142.157.55.211
START Player-0 260736135
START Player-1 260736135
0 0 TL TR 0
0 0 TL TR 1
0 1 TL TR 0
0 1 TL TR 1
0 2 TL TR 0
0 2 TL TR 1
3 0 TR BL 0
0 4 TL TR 1
0 2 TL TR 0
1 0 TL TR 1
1 0 TL TR 0
1 1 TL TR 1
1 1 TL TR 0
1 2 TL TR 1
1 2 TL TR 0
2 0 TL TR 1
2 0 TL TR 0
2 1 TL TR 1
2 1 TL TR 0
2 2 TL TR 1
2 2 TL TR 0
3 3 TL TR 1
3 4 TL TR 0
3 5 TL TR 1
4 0 TL TR 0
4 1 TL BR 1
4 2 BL BR 0
5 4 TR BL 1
GAMEOVER WINNER 1
# Game ended: Tue Apr 09 17:09:28 EDT 2019
