# Server version 0.08 running on 10.162.212.12:8123
# Game ID: 183
# Board class: pentago_swap.PentagoBoard
# Timeout: 200000
# First Move Timeout: 30000
# Date: Mon Apr 08 11:00:38 EDT 2019
# Starting at move 13
# Player 1: Player-0, 'RandomPlayer', running on 10.162.212.12
# Player 2: Player-1, '260736135', running on 10.162.212.12
START Player-0 RandomPlayer
START Player-1 260736135
0 0 TL TR 0
0 1 TR BR 1
0 0 TL TR 0
3 2 TL TR 1
0 2 TL TR 0
2 0 BL BR 1
0 0 TL TR 0
4 0 TL BL 1
0 1 TL TR 0
5 4 BL BR 1
0 1 TL TR 0
4 0 TL TR 1
2 2 TR BR 0
0 2 TL TR 1
2 1 TL TR 0
1 0 TL TR 1
2 0 BL BR 0
1 0 TL TR 1
5 3 TL BL 0
0 2 TL TR 1
4 5 BL BR 0
1 1 TL TR 1
4 4 TL TR 0
1 2 TL TR 1
1 1 BL BR 0
1 2 TL TR 1
5 1 TR BR 0
0 3 TL TR 1
1 1 TL BR 0
2 0 TL TR 1
3 4 TR BR 0
2 2 TL TR 1
4 2 TL TR 0
2 5 TL TR 1
5 5 TR BR 0
2 4 TL TR 1
GAMEOVER DRAW
# Game ended: Mon Apr 08 11:00:40 EDT 2019
