# Server version 0.08 running on 10.162.212.12:8123
# Game ID: 348
# Board class: pentago_swap.PentagoBoard
# Timeout: 2000
# First Move Timeout: 30000
# Date: Tue Apr 09 01:20:05 EDT 2019
# Player 1: Player-0, '260736135', running on 10.162.212.12
# Player 2: Player-1, '260736135', running on 10.162.212.12
START Player-0 260736135
START Player-1 260736135
0 0 TL TR 0
0 0 TL TR 1
0 1 TL TR 0
0 1 TL TR 1
0 2 TL TR 0
0 2 TL TR 1
1 0 TL TR 0
1 0 TL TR 1
1 1 TL TR 0
2 2 TR BR 1
GAMEOVER TIMEOUT WINNER 1
# Game ended: Tue Apr 09 01:20:24 EDT 2019
