# Server version 0.08 running on 142.157.7.146:8123
# Game ID: 671
# Board class: pentago_swap.PentagoBoard
# Timeout: 2000
# First Move Timeout: 30000
# Date: Wed Apr 10 18:52:43 EDT 2019
# Player 1: Player-0, '260736135', running on 142.157.7.146
# Player 2: Player-1, 'RandomPlayer', running on 142.157.7.146
START Player-0 260736135
START Player-1 RandomPlayer
0 4 BL BR 0
0 1 TR BR 1
4 4 TR BL 0
3 1 TL TR 1
4 3 BL BR 0
1 4 BL BR 1
4 5 TR BL 0
3 0 TL BL 1
3 5 TL BL 0
5 4 BL BR 1
1 1 TR BR 0
3 0 TL TR 1
1 3 TR BR 0
GAMEOVER WINNER 0
# Game ended: Wed Apr 10 18:52:46 EDT 2019
