# Server version 0.08 running on 142.157.7.146:8123
# Game ID: 635
# Board class: pentago_swap.PentagoBoard
# Timeout: 2000
# First Move Timeout: 30000
# Date: Wed Apr 10 15:06:53 EDT 2019
# Player 1: Player-0, '260736135', running on 142.157.7.146
# Player 2: Player-1, '260728557', running on 142.157.24.227
START Player-0 260736135
START Player-1 260728557
0 0 TL TR 0
4 4 TL TR 1
0 1 TL TR 0
4 1 TL TR 1
0 2 TL TR 0
1 4 TL TR 1
1 0 TL TR 0
1 2 TL TR 1
2 0 TL TR 0
1 1 BL BR 1
1 0 TL BL 0
5 1 TL BL 1
0 1 TL BL 0
2 5 BL BR 1
2 2 BL BR 0
GAMEOVER WINNER 0
# Game ended: Wed Apr 10 15:07:12 EDT 2019
