# Server version 0.08 running on 142.157.55.211:8123
# Game ID: 307
# Board class: pentago_swap.PentagoBoard
# Timeout: 2000
# First Move Timeout: 30000
# Date: Mon Apr 08 20:39:36 EDT 2019
# Player 1: Player-0, '260736135', running on 142.157.55.211
# Player 2: Player-1, 'SimonBot', running on localhost
START Player-0 260736135
START Player-1 SimonBot
0 0 TL TR 0
0 0 TL TR 1
0 1 TL TR 0
0 1 TL TR 1
0 2 TL TR 0
0 2 TL TR 1
1 0 TL TR 0
1 0 TL TR 1
1 1 TL TR 0
1 1 TL TR 1
1 2 TL TR 0
1 2 TL TR 1
3 3 TR BR 0
0 4 TL TR 1
2 5 TL TR 0
0 5 TR BL 1
GAMEOVER WINNER 1
# Game ended: Mon Apr 08 20:39:41 EDT 2019
