# Server version 0.08 running on 142.157.55.211:8123
# Game ID: 561
# Board class: pentago_swap.PentagoBoard
# Timeout: 2000
# First Move Timeout: 30000
# Date: Wed Apr 10 00:03:45 EDT 2019
# Player 1: Player-0, '260736135', running on 142.157.55.211
# Player 2: Player-1, 'RandomPlayer', running on 142.157.55.211
START Player-0 260736135
START Player-1 RandomPlayer
0 0 TL TR 0
0 1 TR BR 1
0 0 TR BR 0
3 3 TL TR 1
0 2 TR BL 0
1 5 BL BR 1
0 1 TR BR 0
3 5 TL BL 1
5 5 BL BR 0
5 4 BL BR 1
2 0 BL BR 0
3 0 TL TR 1
0 2 TR BR 0
1 4 BL BR 1
2 5 BL BR 0
5 1 TR BR 1
1 3 TR BR 0
2 0 TL BR 1
4 3 TL BR 0
4 1 TR BR 1
5 0 TR BR 0
3 1 TL TR 1
GAMEOVER WINNER 1
# Game ended: Wed Apr 10 00:03:45 EDT 2019
