# Server version 0.08 running on 10.162.212.12:8123
# Game ID: 97
# Board class: pentago_swap.PentagoBoard
# Timeout: 2000
# First Move Timeout: 30000
# Date: Sat Apr 06 00:04:21 EDT 2019
# Player 1: Player-0, '260736135', running on 10.162.212.12
# Player 2: Player-1, 'SimonBot', running on localhost
START Player-0 260736135
START Player-1 SimonBot
2 4 TL BR 0
0 0 TL TR 1
2 0 TR BL 0
0 0 TL TR 1
1 3 TR BL 0
0 0 TL TR 1
0 1 TL BL 0
0 1 TL TR 1
0 1 TL BL 0
0 2 TL TR 1
0 2 TL BL 0
0 2 TL TR 1
1 0 TL BL 0
1 1 TL TR 1
1 0 TL BL 0
1 1 TL TR 1
1 2 TL TR 0
2 2 TR BR 1
GAMEOVER WINNER 1
# Game ended: Sat Apr 06 00:04:22 EDT 2019
