# Server version 0.08 running on 142.157.7.146:8123
# Game ID: 666
# Board class: pentago_swap.PentagoBoard
# Timeout: 2000
# First Move Timeout: 30000
# Date: Wed Apr 10 18:49:44 EDT 2019
# Player 1: Player-0, '260736135', running on 142.157.7.146
# Player 2: Player-1, '260736135', running on 142.157.7.146
START Player-0 260736135
START Player-1 260736135
0 1 TL TR 0
0 0 BL BR 1
1 4 TR BL 0
0 1 TL TR 1
5 1 TL BR 0
0 5 TL TR 1
4 0 TL TR 0
1 4 TL TR 1
4 2 TL TR 0
2 4 TL TR 1
1 4 TL TR 0
1 3 TL TR 1
0 3 TR BR 0
1 2 TL BR 1
1 0 TL BR 0
GAMEOVER WINNER 0
# Game ended: Wed Apr 10 18:49:50 EDT 2019
