# Server version 0.08 running on 10.162.212.12:8123
# Game ID: 2
# Board class: pentago_swap.PentagoBoard
# Timeout: 2000
# First Move Timeout: 30000
# Date: Fri Apr 05 16:06:38 EDT 2019
# Player 1: Player-0, 'Human', running on 10.162.212.12
# Player 2: Player-1, '260736135', running on 10.162.212.12
START Player-0 Human
START Player-1 260736135
1 1 TL BL 0
0 1 TR BR 1
1 1 TL BL 0
3 2 TL TR 1
4 2 BL TL 0
2 2 BL BR 1
1 3 TL BL 0
2 1 TR TL 1
4 0 BL TR 0
2 1 TR TL 1
GAMEOVER WINNER 0
# Game ended: Fri Apr 05 16:06:55 EDT 2019
