# Server version 0.08 running on 142.157.55.211:8123
# Game ID: 230
# Board class: pentago_swap.PentagoBoard
# Timeout: 200000
# First Move Timeout: 30000
# Date: Mon Apr 08 16:48:57 EDT 2019
# Player 1: Player-0, '260736135', running on 142.157.55.211
# Player 2: Player-1, 'SimonBot', running on localhost
START Player-0 260736135
START Player-1 SimonBot
0 4 BL BR 0
0 0 TL TR 1
1 4 TL BR 0
0 0 TL TR 1
0 1 TL TR 0
0 1 TL TR 1
0 2 TL TR 0
0 2 TL TR 1
1 3 TR BR 0
0 3 TL TR 1
0 2 TR BL 0
0 3 TL TR 1
0 1 TL TR 0
0 5 TL TR 1
1 2 TR BR 0
1 0 TL TR 1
2 2 TR BR 0
1 1 TL TR 1
1 2 TL BR 0
1 1 TL TR 1
4 3 TR BR 0
5 5 TL BR 1
GAMEOVER WINNER 1
# Game ended: Mon Apr 08 16:49:05 EDT 2019
