# Server version 0.08 running on 142.157.55.211:8123
# Game ID: 426
# Board class: pentago_swap.PentagoBoard
# Timeout: 2000
# First Move Timeout: 30000
# Date: Tue Apr 09 18:23:24 EDT 2019
# Player 1: Player-0, '260736135', running on 142.157.55.211
# Player 2: Player-1, 'RandomPlayer', running on 142.157.55.211
START Player-0 260736135
START Player-1 RandomPlayer
0 2 TL TR 0
0 1 TR BR 1
2 0 TL TR 0
3 2 TL TR 1
0 5 TR BR 0
1 5 BL BR 1
1 1 BL BR 0
4 0 TL BL 1
2 0 TL BL 0
5 4 BL BR 1
4 4 TL TR 0
3 1 TL TR 1
4 1 TR BR 0
1 0 BL BR 1
0 2 TL BL 0
GAMEOVER WINNER 0
# Game ended: Tue Apr 09 18:23:24 EDT 2019
