# Server version 0.08 running on 142.157.55.211:8123
# Game ID: 478
# Board class: pentago_swap.PentagoBoard
# Timeout: 2000
# First Move Timeout: 30000
# Date: Tue Apr 09 19:28:40 EDT 2019
# Player 1: Player-0, '260736135', running on 142.157.55.211
# Player 2: Player-1, 'SimonBot', running on localhost
START Player-0 260736135
START Player-1 SimonBot
4 2 TR BR 0
0 0 TL TR 1
0 5 TR BR 0
0 0 TL TR 1
2 1 BL BR 0
0 0 TL TR 1
1 4 TR BL 0
0 1 TL TR 1
3 3 TL BR 0
0 1 TL TR 1
4 4 TR BL 0
0 2 TL TR 1
5 2 TR BL 0
0 1 TL BR 1
GAMEOVER WINNER 1
# Game ended: Tue Apr 09 19:28:41 EDT 2019
