# Server version 0.08 running on 142.157.55.211:8123
# Game ID: 448
# Board class: pentago_swap.PentagoBoard
# Timeout: 2000
# First Move Timeout: 30000
# Date: Tue Apr 09 18:39:15 EDT 2019
# Player 1: Player-0, '260736135', running on 142.157.55.211
# Player 2: Player-1, 'SimonBot', running on localhost
START Player-0 260736135
START Player-1 SimonBot
1 1 TL BL 0
0 0 TL TR 1
2 4 TR BL 0
0 0 TL TR 1
1 2 TR BR 0
0 0 TL TR 1
4 2 BL BR 0
0 0 TL TR 1
5 3 TR BL 0
0 1 TL TR 1
2 3 TL TR 0
0 2 TL TR 1
0 1 TL BL 0
0 1 TL TR 1
GAMEOVER WINNER 1
# Game ended: Tue Apr 09 18:39:16 EDT 2019
