# Server version 0.08 running on 142.157.55.211:8123
# Game ID: 447
# Board class: pentago_swap.PentagoBoard
# Timeout: 2000
# First Move Timeout: 30000
# Date: Tue Apr 09 18:38:15 EDT 2019
# Player 1: Player-0, '260736135', running on 142.157.55.211
# Player 2: Player-1, '260736135', running on 142.157.55.211
START Player-0 260736135
START Player-1 260736135
1 5 TL BR 0
0 5 TR BL 1
3 4 TR BR 0
3 5 TL BL 1
5 3 TR BL 0
0 0 TR BR 1
0 3 TL TR 0
2 5 TR BL 1
1 3 TR BL 0
2 4 BL BR 1
5 1 TR BR 0
2 2 TL BL 1
0 1 TL BL 0
5 3 TR BR 1
3 5 TR BL 0
5 3 TL BR 1
2 3 TL TR 0
5 4 TL BR 1
3 3 TR BL 0
GAMEOVER WINNER 1
# Game ended: Tue Apr 09 18:38:16 EDT 2019
