# Server version 0.08 running on 10.162.212.12:8123
# Game ID: 78
# Board class: pentago_swap.PentagoBoard
# Timeout: 2000
# First Move Timeout: 30000
# Date: Fri Apr 05 18:25:06 EDT 2019
# Player 1: Player-0, 'RandomPlayer', running on 10.162.212.12
# Player 2: Player-1, '260736135', running on 10.162.212.12
START Player-0 RandomPlayer
START Player-1 260736135
5 2 TR BR 0
0 5 TR BL 1
0 3 TL TR 0
5 0 TR BR 1
4 0 BL BR 0
5 4 TL TR 1
1 5 TL BL 0
0 0 TL BL 1
5 1 BL BR 0
0 0 TL BL 1
2 2 TL TR 0
0 1 TL BL 1
0 1 BL BR 0
0 2 TL BL 1
5 1 TR BR 0
0 1 TL BL 1
1 4 TL BR 0
0 0 TL BL 1
4 5 TR BR 0
0 2 TL BL 1
5 2 TL TR 0
0 4 TL BL 1
GAMEOVER WINNER 1
# Game ended: Fri Apr 05 18:25:07 EDT 2019
