# Server version 0.08 running on 142.157.55.211:8123
# Game ID: 207
# Board class: pentago_swap.PentagoBoard
# Timeout: 200000
# First Move Timeout: 30000
# Date: Mon Apr 08 15:54:02 EDT 2019
# Player 1: Player-0, '260736135', running on 142.157.55.211
# Player 2: Player-1, '260736135', running on 142.157.55.211
START Player-0 260736135
START Player-1 260736135
0 0 TL TR 0
0 0 TL TR 1
0 1 TL TR 0
0 1 TL TR 1
0 2 TL TR 0
0 2 TL TR 1
5 2 TR BR 0
2 5 TR BR 1
5 4 TL TR 0
1 3 TL TR 1
2 4 BL BR 0
3 0 BL BR 1
3 0 TL BL 0
4 2 TL BL 1
2 1 BL BR 0
2 0 BL BR 1
2 2 TL TR 0
1 0 TL TR 1
1 1 BL BR 0
2 3 BL BR 1
3 1 TR BL 0
GAMEOVER DRAW
# Game ended: Mon Apr 08 15:54:05 EDT 2019
