# Server version 0.08 running on 142.157.55.211:8123
# Game ID: 262
# Board class: pentago_swap.PentagoBoard
# Timeout: 2000
# First Move Timeout: 30000
# Date: Mon Apr 08 17:55:42 EDT 2019
# Player 1: Player-0, '260736135', running on 142.157.55.211
# Player 2: Player-1, 'SimonBot', running on localhost
START Player-0 260736135
START Player-1 SimonBot
0 2 BL BR 0
0 0 TL TR 1
2 1 TL BR 0
0 0 TL TR 1
1 4 TR BL 0
0 1 TL TR 1
0 0 TR BL 0
0 1 TL TR 1
1 4 TL BL 0
0 5 TL TR 1
1 0 TL BL 0
0 1 TL TR 1
0 5 TL TR 0
1 0 TL TR 1
1 1 TR BL 0
1 0 TL TR 1
5 1 BL BR 0
2 2 BL BR 1
GAMEOVER WINNER 1
# Game ended: Mon Apr 08 17:55:48 EDT 2019
