# Server version 0.08 running on 142.157.55.211:8123
# Game ID: 475
# Board class: pentago_swap.PentagoBoard
# Timeout: 2000
# First Move Timeout: 30000
# Date: Tue Apr 09 19:27:35 EDT 2019
# Player 1: Player-0, '260736135', running on 142.157.55.211
# Player 2: Player-1, 'RandomPlayer', running on 142.157.55.211
START Player-0 260736135
START Player-1 RandomPlayer
1 2 BL BR 0
0 1 TR BR 1
5 2 TR BL 0
3 3 TL TR 1
1 1 TL TR 0
2 0 BL BR 1
5 4 TR BR 0
3 4 TL BL 1
5 1 TL BL 0
5 3 BL BR 1
1 4 BL BR 0
3 3 TL TR 1
3 1 BL BR 0
0 5 BL BR 1
4 5 TL TR 0
5 1 TR BR 1
4 5 TR BR 0
1 1 TL BR 1
1 0 TL TR 0
GAMEOVER WINNER 0
# Game ended: Tue Apr 09 19:27:37 EDT 2019
