# Server version 0.08 running on 142.157.55.211:8123
# Game ID: 224
# Board class: pentago_swap.PentagoBoard
# Timeout: 200000
# First Move Timeout: 30000
# Date: Mon Apr 08 16:46:04 EDT 2019
# Player 1: Player-0, '260736135', running on 142.157.55.211
# Player 2: Player-1, 'RandomPlayer', running on 142.157.55.211
START Player-0 260736135
START Player-1 RandomPlayer
5 2 TL BL 0
0 1 TR BR 1
3 5 TL BL 0
3 0 TL TR 1
4 0 TL BL 0
2 0 BL BR 1
4 0 TR BR 0
3 5 TL BL 1
0 1 TR BL 0
5 4 BL BR 1
5 0 TL TR 0
3 5 TL TR 1
1 5 TL BR 0
1 1 BL BR 1
2 2 TL BR 0
5 2 TR BR 1
4 1 TR BR 0
1 2 TL BR 1
1 0 TL TR 0
4 2 TR BR 1
0 3 TL TR 0
3 0 TL TR 1
1 3 TR BL 0
3 4 TR BR 1
2 1 TL BR 0
4 1 BL BR 1
2 1 TL BL 0
1 1 TR BR 1
0 4 TR BR 0
2 3 TL BL 1
0 3 TR BL 0
GAMEOVER WINNER 1
# Game ended: Mon Apr 08 16:46:04 EDT 2019
