# Server version 0.08 running on 142.157.55.211:8123
# Game ID: 227
# Board class: pentago_swap.PentagoBoard
# Timeout: 200000
# First Move Timeout: 30000
# Date: Mon Apr 08 16:47:20 EDT 2019
# Player 1: Player-0, 'RandomPlayer', running on 142.157.55.211
# Player 2: Player-1, '260736135', running on 142.157.55.211
START Player-0 RandomPlayer
START Player-1 260736135
5 2 TR BR 0
2 3 BL BR 1
0 3 TL TR 0
3 4 BL BR 1
4 0 BL BR 0
0 1 TL BL 1
1 4 TL BL 0
0 2 TR BL 1
5 2 BL BR 0
0 3 TL BL 1
1 5 TL TR 0
0 1 TL TR 1
0 0 BL BR 0
4 5 TR BL 1
5 1 TR BR 0
1 2 TR BR 1
1 3 TL BR 0
2 3 TR BR 1
5 0 TR BR 0
GAMEOVER WINNER 1
# Game ended: Mon Apr 08 16:47:27 EDT 2019
