# Server version 0.08 running on 10.162.212.12:8123
# Game ID: 66
# Board class: pentago_swap.PentagoBoard
# Timeout: 2000
# First Move Timeout: 30000
# Date: Fri Apr 05 18:16:17 EDT 2019
# Player 1: Player-0, 'Human', running on 10.162.212.12
# Player 2: Player-1, '260736135', running on 10.162.212.12
START Player-0 Human
START Player-1 260736135
1 1 TL TR 0
2 4 TL BR 1
1 3 TR TL 0
5 2 TR BL 1
1 2 TL TR 0
0 0 TL TR 1
1 3 TR TL 0
0 1 TL BL 1
1 2 BL BR 0
0 0 TL BL 1
4 1 BL TL 0
GAMEOVER WINNER 0
# Game ended: Fri Apr 05 18:16:35 EDT 2019
