# Server version 0.08 running on 10.162.212.12:8123
# Game ID: 194
# Board class: pentago_swap.PentagoBoard
# Timeout: 200000
# First Move Timeout: 30000
# Date: Mon Apr 08 12:01:25 EDT 2019
# Player 1: Player-0, '260736135', running on 10.162.212.12
# Player 2: Player-1, 'SimonBot', running on localhost
START Player-0 260736135
START Player-1 SimonBot
0 0 TL TR 0
0 0 TL TR 1
0 1 TL TR 0
0 1 TL TR 1
0 5 TL TR 0
0 5 TL TR 1
1 0 TL TR 0
1 0 TL TR 1
2 3 TL TR 0
1 1 TL TR 1
1 5 TL TR 0
1 4 TL TR 1
1 2 BL BR 0
2 0 TL TR 1
2 1 TL TR 0
2 1 TL TR 1
2 2 TR BR 0
0 3 TL TR 1
0 1 TL TR 0
0 5 TL TR 1
1 0 TL TR 0
1 4 TL TR 1
2 0 TL TR 0
1 5 TL TR 1
2 2 TL TR 0
2 4 TL TR 1
3 0 TL TR 0
3 1 TL TR 1
3 2 TL TR 0
4 0 TL TR 1
4 1 TR BL 0
5 5 TL BR 1
GAMEOVER WINNER 1
# Game ended: Mon Apr 08 12:01:26 EDT 2019
