# Server version 0.08 running on 142.157.55.211:8123
# Game ID: 210
# Board class: pentago_swap.PentagoBoard
# Timeout: 200000
# First Move Timeout: 30000
# Date: Mon Apr 08 15:59:32 EDT 2019
# Player 1: Player-0, '260736135', running on 142.157.55.211
# Player 2: Player-1, 'RandomPlayer', running on 142.157.55.211
START Player-0 260736135
START Player-1 RandomPlayer
0 0 TL TR 0
0 1 TR BR 1
0 0 TL TR 0
3 2 TL TR 1
0 2 TL TR 0
2 0 BL BR 1
4 4 TR BL 0
3 4 TL BL 1
5 4 TL BR 0
5 4 BL BR 1
1 0 TR BR 0
4 0 TL TR 1
4 5 TL BL 0
2 0 BL BR 1
5 5 TL BL 0
4 5 TR BR 1
4 5 TL BL 0
1 3 TL BR 1
1 4 BL BR 0
4 3 TR BR 1
5 4 TL TR 0
2 3 TL TR 1
3 3 TR BR 0
4 2 TR BR 1
5 2 TL TR 0
3 4 BL BR 1
3 2 TL BL 0
GAMEOVER WINNER 1
# Game ended: Mon Apr 08 15:59:42 EDT 2019
