# Server version 0.08 running on 10.162.212.12:8123
# Game ID: 119
# Board class: pentago_swap.PentagoBoard
# Timeout: 2000
# First Move Timeout: 30000
# Date: Sat Apr 06 14:59:28 EDT 2019
# Player 1: Player-0, '260736135', running on 10.162.212.12
# Player 2: Player-1, 'SimonBot', running on localhost
START Player-0 260736135
START Player-1 SimonBot
4 3 TL BL 0
0 0 TL TR 1
2 5 TL BR 0
0 0 TL TR 1
4 0 TL BL 0
0 0 TL TR 1
3 4 TL BR 0
0 0 TL TR 1
4 0 TR BL 0
0 1 TL TR 1
3 5 TL TR 0
0 2 TL TR 1
0 2 TL TR 0
0 4 BL BR 1
GAMEOVER WINNER 1
# Game ended: Sat Apr 06 14:59:28 EDT 2019
