# Server version 0.08 running on 10.162.212.12:8123
# Game ID: 93
# Board class: pentago_swap.PentagoBoard
# Timeout: 2000
# First Move Timeout: 30000
# Date: Fri Apr 05 23:45:04 EDT 2019
# Player 1: Player-0, '260736135', running on 10.162.212.12
# Player 2: Player-1, 'RandomPlayer', running on 10.162.212.12
START Player-0 260736135
START Player-1 RandomPlayer
3 5 BL BR 0
0 1 TR BR 1
3 4 TR BR 0
3 3 TL TR 1
0 2 TL BR 0
1 5 BL BR 1
0 1 TL BL 0
4 0 TL BL 1
0 2 TL BL 0
5 4 BL BR 1
0 0 TL TR 0
3 1 TL TR 1
0 3 TL TR 0
1 4 BL BR 1
0 2 TL TR 0
5 2 TR BR 1
0 3 TL TR 0
2 0 TL BR 1
1 0 TL TR 0
4 3 TR BR 1
1 0 TL TR 0
4 1 TL TR 1
1 2 TL TR 0
4 4 TR BR 1
GAMEOVER WINNER 0
# Game ended: Fri Apr 05 23:45:05 EDT 2019
