# Server version 0.08 running on 10.162.212.12:8123
# Game ID: 99
# Board class: pentago_swap.PentagoBoard
# Timeout: 2000
# First Move Timeout: 30000
# Date: Sat Apr 06 00:05:51 EDT 2019
# Player 1: Player-0, 'SimonBot', running on localhost
# Player 2: Player-1, '260736135', running on localhost
START Player-0 SimonBot
START Player-1 260736135
0 0 TL TR 0
3 3 BL BR 1
0 0 TL TR 0
4 5 TR BR 1
0 1 TL TR 0
1 1 BL BR 1
0 0 TL TR 0
0 2 TL BL 1
0 1 TL TR 0
0 1 TL TR 1
0 2 TR BL 0
GAMEOVER WINNER 0
# Game ended: Sat Apr 06 00:05:52 EDT 2019
