# Server version 0.08 running on 10.162.212.12:8123
# Game ID: 13
# Board class: pentago_swap.PentagoBoard
# Timeout: 2000
# First Move Timeout: 30000
# Date: Fri Apr 05 17:08:53 EDT 2019
# Player 1: Player-0, '260736135', running on 10.162.212.12
# Player 2: Player-1, '260736135', running on 10.162.212.12
START Player-0 260736135
START Player-1 260736135
5 2 TR BR 0
0 1 TR BR 1
0 4 TL TR 0
3 2 TL TR 1
4 0 BL BR 0
1 5 BL BR 1
2 1 TL BL 0
3 5 TL BL 1
5 3 BL BR 0
5 3 BL BR 1
1 4 TL TR 0
3 1 TL TR 1
0 0 BL BR 0
1 1 BL BR 1
4 5 TR BR 0
5 3 TR BR 1
1 3 TL BR 0
1 1 TL BR 1
5 1 TR BR 0
3 3 TR BR 1
4 3 TL TR 0
2 5 TL TR 1
4 2 TR BR 0
2 5 TR BR 1
2 0 BL BR 0
3 3 BL BR 1
1 0 TR BR 0
0 4 TR BR 1
0 5 TL BL 0
3 2 TL BL 1
4 1 TL TR 0
1 5 TL TR 1
2 5 TL BR 0
2 1 TL BR 1
2 4 TL TR 0
3 3 TL TR 1
GAMEOVER WINNER 1
# Game ended: Fri Apr 05 17:08:53 EDT 2019
