# Server version 0.08 running on 142.157.7.146:8123
# Game ID: 638
# Board class: pentago_swap.PentagoBoard
# Timeout: 2000
# First Move Timeout: 30000
# Date: Wed Apr 10 15:41:36 EDT 2019
# Player 1: Player-0, '260736135', running on 142.157.7.146
# Player 2: Player-1, 'Human', running on 142.157.7.146
START Player-0 260736135
START Player-1 Human
0 0 TL TR 0
1 3 TR TL 1
1 1 TL TR 0
2 5 TR TL 1
0 1 TL TR 0
2 4 TR TL 1
0 2 TL TR 0
0 2 TR TL 1
2 0 TL TR 0
5 0 TR BL 1
0 4 TL TR 0
2 1 TL BL 1
3 2 TL BR 0
GAMEOVER WINNER 0
# Game ended: Wed Apr 10 15:42:17 EDT 2019
