# Server version 0.08 running on 142.157.55.211:8123
# Game ID: 476
# Board class: pentago_swap.PentagoBoard
# Timeout: 2000
# First Move Timeout: 30000
# Date: Tue Apr 09 19:28:12 EDT 2019
# Player 1: Player-0, '260736135', running on 142.157.55.211
# Player 2: Player-1, 'RandomPlayer', running on 142.157.55.211
START Player-0 260736135
START Player-1 RandomPlayer
5 0 BL BR 0
0 1 TR BR 1
2 0 BL BR 0
3 3 TL TR 1
1 4 TR BL 0
1 3 BL BR 1
0 0 TR BL 0
3 2 TL BL 1
2 4 TL BL 0
5 4 BL BR 1
1 1 TR BL 0
3 4 TL TR 1
0 2 TL BL 0
GAMEOVER WINNER 0
# Game ended: Tue Apr 09 19:28:13 EDT 2019
