# Server version 0.08 running on 10.162.212.12:8123
# Game ID: 80
# Board class: pentago_swap.PentagoBoard
# Timeout: 2000
# First Move Timeout: 30000
# Date: Fri Apr 05 18:25:18 EDT 2019
# Player 1: Player-0, '260736135', running on 10.162.212.12
# Player 2: Player-1, 'Human', running on 10.162.212.12
START Player-0 260736135
START Player-1 Human
4 4 TL TR 0
4 3 BL BR 1
5 4 TL BR 0
3 1 BL BR 1
4 2 BL BR 0
2 2 BL TL 1
0 0 TL TR 0
1 1 TL BL 1
0 0 TL TR 0
3 2 BL TR 1
0 2 TL TR 0
2 4 TR BR 1
0 0 TL TR 0
2 3 BL TR 1
0 0 TL TR 0
2 3 TR BL 1
0 1 TL TR 0
4 1 BL TR 1
0 1 TL BL 0
GAMEOVER WINNER 1
# Game ended: Fri Apr 05 18:26:01 EDT 2019
