# Server version 0.08 running on 142.157.55.211:8123
# Game ID: 332
# Board class: pentago_swap.PentagoBoard
# Timeout: 2000
# First Move Timeout: 30000
# Date: Mon Apr 08 21:39:38 EDT 2019
# Player 1: Player-0, '260736135', running on 142.157.55.211
# Player 2: Player-1, 'Human', running on 142.157.55.211
START Player-0 260736135
START Player-1 Human
0 0 TL TR 0
1 3 TL BL 1
0 0 TL TR 0
1 1 TR BR 1
0 1 TL TR 0
1 5 BR BL 1
0 0 TL TR 0
1 3 TR BR 1
0 2 TL TR 0
4 4 BR TR 1
0 0 TL BR 0
GAMEOVER WINNER 1
# Game ended: Mon Apr 08 21:40:01 EDT 2019
