# Server version 0.08 running on 142.157.7.146:8123
# Game ID: 642
# Board class: pentago_swap.PentagoBoard
# Timeout: 2000
# First Move Timeout: 30000
# Date: Wed Apr 10 15:54:43 EDT 2019
# Player 1: Player-0, '260736135', running on 142.157.7.146
# Player 2: Player-1, 'RandomPlayer', running on 142.157.7.146
START Player-0 260736135
START Player-1 RandomPlayer
1 1 TL TR 0
0 1 TR BR 1
1 1 TL TR 0
3 2 TL TR 1
1 4 TL TR 0
2 0 BL BR 1
4 4 TL TR 0
3 3 TL BL 1
1 3 TR BR 0
5 4 BL BR 1
4 2 TL BR 0
3 1 TL TR 1
4 3 TL TR 0
GAMEOVER WINNER 0
# Game ended: Wed Apr 10 15:54:45 EDT 2019
