# Server version 0.08 running on 142.157.55.211:8123
# Game ID: 245
# Board class: pentago_swap.PentagoBoard
# Timeout: 2000
# First Move Timeout: 30000
# Date: Mon Apr 08 17:10:45 EDT 2019
# Player 1: Player-0, 'SimonBot', running on localhost
# Player 2: Player-1, '260736135', running on 142.157.55.211
START Player-0 SimonBot
START Player-1 260736135
0 0 TL TR 0
2 5 TL TR 1
0 1 TL TR 0
0 0 BL BR 1
0 1 TL TR 0
3 5 TL BR 1
0 0 TL TR 0
2 3 TL TR 1
0 1 TL TR 0
1 2 TL TR 1
0 5 TL TR 0
3 5 BL BR 1
1 0 TL TR 0
2 5 BL BR 1
1 0 TL TR 0
1 4 BL BR 1
1 1 TL TR 0
1 2 TL TR 1
2 0 TL TR 0
2 1 TL TR 1
2 1 TL TR 0
2 2 TL BR 1
GAMEOVER WINNER 1
# Game ended: Mon Apr 08 17:10:51 EDT 2019
