# Server version 0.08 running on 142.157.7.242:8123
# Game ID: 160
# Board class: pentago_swap.PentagoBoard
# Timeout: 2000
# First Move Timeout: 30000
# Date: Sun Apr 07 20:07:22 EDT 2019
# Player 1: Player-0, 'Human', running on 142.157.7.242
# Player 2: Player-1, 'SimonBot', running on localhost
START Player-0 Human
START Player-1 SimonBot
2 2 TL TR 0
0 0 TL TR 1
3 2 TL BL 0
0 0 TL TR 1
1 5 TR BR 0
0 1 TL TR 1
0 5 TR BR 0
0 0 TL TR 1
3 2 TR BR 0
0 1 TL TR 1
2 4 TR TL 0
1 0 TL TR 1
2 3 TR TL 0
1 1 TL TR 1
2 5 TR TL 0
1 3 TL TR 1
4 2 TR TL 0
GAMEOVER WINNER 0
# Game ended: Sun Apr 07 20:08:27 EDT 2019
