# Server version 0.08 running on 10.162.212.12:8123
# Game ID: 46
# Board class: pentago_swap.PentagoBoard
# Timeout: 2000
# First Move Timeout: 30000
# Date: Fri Apr 05 18:05:29 EDT 2019
# Player 1: Player-0, '260736135', running on 10.162.212.12
# Player 2: Player-1, 'Human', running on 10.162.212.12
START Player-0 260736135
START Player-1 Human
5 2 TR BR 0
4 0 BL BR 1
0 3 TL TR 0
4 4 BR BL 1
3 4 BL BR 0
4 5 BR BL 1
0 1 TL BL 0
1 3 TR TL 1
0 0 TL BL 0
4 1 BL TL 1
0 1 TL BL 0
1 2 TR TL 1
0 0 TL BL 0
4 3 BR TR 1
0 2 TL BL 0
GAMEOVER WINNER 0
# Game ended: Fri Apr 05 18:05:49 EDT 2019
