# Server version 0.08 running on 142.157.55.211:8123
# Game ID: 458
# Board class: pentago_swap.PentagoBoard
# Timeout: 2000
# First Move Timeout: 30000
# Date: Tue Apr 09 18:53:00 EDT 2019
# Player 1: Player-0, '260736135', running on 142.157.55.211
# Player 2: Player-1, 'RandomPlayer', running on 142.157.55.211
START Player-0 260736135
START Player-1 RandomPlayer
4 2 TR BR 0
0 1 TR BR 1
4 3 TR BR 0
3 2 TL TR 1
4 5 TL TR 0
1 5 BL BR 1
5 3 TR BL 0
3 1 TL BL 1
5 4 TL BR 0
5 4 BL BR 1
5 3 TL BR 0
2 5 TL TR 1
2 0 TL TR 0
0 5 BL BR 1
5 2 TL TR 0
4 4 TR BR 1
2 1 TL BR 0
GAMEOVER WINNER 0
# Game ended: Tue Apr 09 18:53:04 EDT 2019
