# Server version 0.08 running on 142.157.55.211:8123
# Game ID: 305
# Board class: pentago_swap.PentagoBoard
# Timeout: 2000
# First Move Timeout: 30000
# Date: Mon Apr 08 20:38:59 EDT 2019
# Player 1: Player-0, '260736135', running on 142.157.55.211
# Player 2: Player-1, '260736135', running on 142.157.55.211
START Player-0 260736135
START Player-1 260736135
0 0 BL BR 0
0 1 TL BR 1
0 0 BL BR 0
0 1 TL TR 1
0 0 TR BL 0
0 1 TL TR 1
0 2 TL TR 0
0 2 TL TR 1
1 0 TL BL 0
0 2 TL BL 1
1 1 TL TR 0
1 0 TL TR 1
1 2 TL BR 0
0 0 TL TR 1
0 4 TL TR 0
0 2 TL BL 1
2 0 TL BR 0
1 4 TR BL 1
2 3 TR BL 0
1 5 TR BL 1
1 3 TL BL 0
1 4 TL BL 1
2 0 TL BR 0
GAMEOVER WINNER 0
# Game ended: Mon Apr 08 20:39:00 EDT 2019
