# Server version 0.08 running on 10.162.212.12:8123
# Game ID: 16
# Board class: pentago_swap.PentagoBoard
# Timeout: 2000
# First Move Timeout: 30000
# Date: Fri Apr 05 17:10:31 EDT 2019
# Player 1: Player-0, '260736135', running on 10.162.212.12
# Player 2: Player-1, 'Human', running on 10.162.212.12
START Player-0 260736135
START Player-1 Human
5 2 TR BR 0
4 2 BR BL 1
0 3 TL TR 0
3 5 BR TR 1
4 1 BL BR 0
3 2 BL BR 1
2 1 TL BL 0
4 5 BR BL 1
5 2 BL BR 0
3 4 BR BL 1
1 4 TL TR 0
3 0 BL BR 1
0 0 BL BR 0
0 4 BR BL 1
5 0 TR BR 0
0 1 TL BR 1
1 4 TL BR 0
GAMEOVER WINNER 1
# Game ended: Fri Apr 05 17:11:03 EDT 2019
