# Server version 0.08 running on 10.162.212.12:8123
# Game ID: 619
# Board class: pentago_swap.PentagoBoard
# Timeout: 2000
# First Move Timeout: 30000
# Date: Wed Apr 10 02:18:46 EDT 2019
# Starting at move 12
# Player 1: Player-0, '260736135', running on 10.162.212.12
# Player 2: Player-1, 'Human', running on 10.162.212.12
START Player-0 260736135
START Player-1 Human
0 0 TL TR 0
1 4 TL TR 1
0 1 TL TR 0
0 5 TL TR 1
1 0 TL TR 0
3 0 TR BR 1
5 3 TR BR 0
3 1 TL TR 1
1 3 TL TR 0
0 0 TL BL 1
3 1 TL BR 0
2 2 BL TL 1
4 0 TL TR 0
3 0 BL TL 1
5 5 TL BR 0
GAMEOVER WINNER 0
# Game ended: Wed Apr 10 02:20:01 EDT 2019
