# Server version 0.08 running on 142.157.55.211:8123
# Game ID: 438
# Board class: pentago_swap.PentagoBoard
# Timeout: 2000
# First Move Timeout: 30000
# Date: Tue Apr 09 18:29:56 EDT 2019
# Player 1: Player-0, '260736135', running on 142.157.55.211
# Player 2: Player-1, 'SimonBot', running on localhost
START Player-0 260736135
START Player-1 SimonBot
1 0 TL BR 0
0 0 TL TR 1
5 4 TL BR 0
0 0 TL TR 1
2 5 TL BL 0
0 0 TL TR 1
2 0 TL BR 0
0 0 TL TR 1
1 4 TR BR 0
0 1 TL TR 1
3 4 TR BL 0
0 1 TL TR 1
5 4 TL BR 0
3 2 TL BL 1
GAMEOVER WINNER 1
# Game ended: Tue Apr 09 18:30:03 EDT 2019
