# Server version 0.08 running on 142.157.7.146:8123
# Game ID: 636
# Board class: pentago_swap.PentagoBoard
# Timeout: 2000
# First Move Timeout: 30000
# Date: Wed Apr 10 15:09:27 EDT 2019
# Player 1: Player-0, '260736135', running on 142.157.7.146
# Player 2: Player-1, '260716696', running on 142.157.24.227
START Player-0 260736135
START Player-1 260716696
0 0 TL TR 0
4 4 TL TR 1
0 1 TL TR 0
4 1 TL TR 1
0 2 TL TR 0
2 4 TR BR 1
2 4 TL TR 0
2 5 BL BR 1
0 1 TR BR 0
5 3 TL BL 1
3 2 TL BR 0
GAMEOVER WINNER 0
# Game ended: Wed Apr 10 15:09:43 EDT 2019
