# Server version 0.08 running on 142.157.55.211:8123
# Game ID: 258
# Board class: pentago_swap.PentagoBoard
# Timeout: 2000
# First Move Timeout: 30000
# Date: Mon Apr 08 17:51:33 EDT 2019
# Player 1: Player-0, '260736135', running on 142.157.55.211
# Player 2: Player-1, 'RandomPlayer', running on 142.157.55.211
START Player-0 260736135
START Player-1 RandomPlayer
1 1 TL TR 0
0 1 TR BR 1
3 4 TL TR 0
3 1 TL TR 1
4 3 TL TR 0
1 4 BL BR 1
3 0 TL TR 0
3 3 TL BL 1
1 2 TL TR 0
5 4 BL BR 1
0 5 TL BR 0
4 0 TL TR 1
2 2 TL TR 0
2 0 BL BR 1
2 3 BL BR 0
5 3 TR BR 1
5 4 TR BL 0
1 4 TL BR 1
GAMEOVER WINNER 1
# Game ended: Mon Apr 08 17:51:34 EDT 2019
