# Server version 0.08 running on 10.162.212.12:8123
# Game ID: 626
# Board class: pentago_swap.PentagoBoard
# Timeout: 2000
# First Move Timeout: 30000
# Date: Wed Apr 10 10:55:36 EDT 2019
# Player 1: Player-0, '260736135', running on 10.162.212.12
# Player 2: Player-1, 'SimonBot', running on localhost
START Player-0 260736135
START Player-1 SimonBot
0 0 TL TR 0
0 0 TL TR 1
0 1 TL BR 0
0 0 TL TR 1
3 5 BL BR 0
0 1 TL TR 1
3 4 TL BR 0
0 0 TL TR 1
2 2 TR BL 0
0 2 TL TR 1
3 2 TL BR 0
GAMEOVER WINNER 0
# Game ended: Wed Apr 10 10:55:42 EDT 2019
