# Server version 0.08 running on 142.157.7.146:8123
# Game ID: 676
# Board class: pentago_swap.PentagoBoard
# Timeout: 2000
# First Move Timeout: 30000
# Date: Wed Apr 10 21:07:32 EDT 2019
# Player 1: Player-0, '260736135', running on 142.157.7.146
# Player 2: Player-1, 'Human', running on 142.157.7.146
START Player-0 260736135
START Player-1 Human
4 3 TL BL 0
4 4 BR TR 1
1 5 TL BR 0
4 4 TR BR 1
5 1 BL BR 0
4 4 TR TL 1
3 4 TR BR 0
1 5 BL BR 1
3 3 TL BL 0
1 1 BL TL 1
5 3 TL BL 0
2 3 TR BL 1
3 2 TL TR 0
3 4 TR BR 1
2 4 TR BR 0
2 4 TR TL 1
5 5 TL BR 0
4 0 BR TR 1
5 2 TL BR 0
GAMEOVER WINNER 0
# Game ended: Wed Apr 10 21:08:55 EDT 2019
