# Server version 0.08 running on 142.157.7.146:8123
# Game ID: 651
# Board class: pentago_swap.PentagoBoard
# Timeout: 2000
# First Move Timeout: 30000
# Date: Wed Apr 10 16:33:21 EDT 2019
# Player 1: Player-0, '260736135', running on 142.157.7.146
# Player 2: Player-1, '260711526', running on 142.157.112.163
START Player-0 260736135
START Player-1 260711526
0 0 TL TR 0
1 1 TR BR 1
3 4 TR BR 0
5 5 BL BR 1
0 5 TR BL 0
5 5 BL BR 1
4 4 TR BL 0
5 5 TR BR 1
3 1 TL TR 0
5 4 TL BR 1
5 1 TL TR 0
5 4 TL BR 1
4 1 TL BL 0
GAMEOVER WINNER 0
# Game ended: Wed Apr 10 16:33:37 EDT 2019
