# Server version 0.08 running on 10.162.212.12:8123
# Game ID: 62
# Board class: pentago_swap.PentagoBoard
# Timeout: 2000
# First Move Timeout: 30000
# Date: Fri Apr 05 18:12:19 EDT 2019
# Player 1: Player-0, '260736135', running on 10.162.212.12
# Player 2: Player-1, 'Human', running on 10.162.212.12
START Player-0 260736135
START Player-1 Human
5 2 TR BR 0
4 1 BL BR 1
0 3 TL TR 0
4 3 BL BR 1
3 4 BL BR 0
4 2 BL BR 1
0 1 TL BL 0
3 2 BL TL 1
0 3 TL BL 0
1 2 TL TR 1
0 1 TL BL 0
1 2 BL BR 1
0 3 TL BL 0
2 2 TL BL 1
0 4 TL BL 0
0 2 TL TR 1
0 2 TL BL 0
GAMEOVER WINNER 0
# Game ended: Fri Apr 05 18:12:56 EDT 2019
