# Server version 0.08 running on 142.157.7.242:8123
# Game ID: 168
# Board class: pentago_swap.PentagoBoard
# Timeout: 2000
# First Move Timeout: 30000
# Date: Sun Apr 07 20:33:29 EDT 2019
# Player 1: Player-0, '260736135', running on 142.157.7.242
# Player 2: Player-1, '260736135', running on 142.157.7.242
START Player-0 260736135
START Player-1 260736135
0 0 TL TR 0
0 0 TL TR 1
0 1 TL TR 0
0 1 TL TR 1
0 2 TL TR 0
0 2 TL TR 1
1 0 TL TR 0
1 0 TL TR 1
1 1 TL TR 0
1 1 TL TR 1
1 2 TL TR 0
GAMEOVER TIMEOUT WINNER 0
# Game ended: Sun Apr 07 20:33:36 EDT 2019
