# Server version 0.08 running on 10.162.212.12:8123
# Game ID: 588
# Board class: pentago_swap.PentagoBoard
# Timeout: 2000
# First Move Timeout: 30000
# Date: Wed Apr 10 01:02:39 EDT 2019
# Player 1: Player-0, 'SimonBot', running on localhost
# Player 2: Player-1, '260736135', running on 10.162.212.12
START Player-0 SimonBot
START Player-1 260736135
0 0 TL TR 0
0 5 TL TR 1
0 1 TL TR 0
2 3 TL TR 1
0 3 TL TR 0
1 3 TR BR 1
0 1 TL TR 0
0 5 TL BL 1
0 0 TL TR 0
1 5 TL TR 1
0 1 TL TR 0
0 5 TL TR 1
1 0 TL TR 0
2 0 TL BL 1
0 0 TL TR 0
2 1 TL TR 1
0 1 TL TR 0
0 5 TL TR 1
1 0 TL TR 0
2 0 TR BR 1
1 1 TL TR 0
5 4 TL TR 1
1 4 TL TR 0
2 5 TL TR 1
2 4 TL BR 0
GAMEOVER WINNER 0
# Game ended: Wed Apr 10 01:02:44 EDT 2019
