# Server version 0.08 running on 142.157.7.146:8123
# Game ID: 669
# Board class: pentago_swap.PentagoBoard
# Timeout: 2000
# First Move Timeout: 30000
# Date: Wed Apr 10 18:52:28 EDT 2019
# Player 1: Player-0, '260736135', running on 142.157.7.146
# Player 2: Player-1, 'RandomPlayer', running on 142.157.7.146
START Player-0 260736135
START Player-1 RandomPlayer
4 0 BL BR 0
0 1 TR BR 1
1 4 TL BR 0
3 2 TL TR 1
1 2 TL BL 0
1 4 BL BR 1
3 4 TR BL 0
3 1 TL BL 1
3 3 TL BL 0
5 4 BL BR 1
1 1 TR BR 0
3 2 TL TR 1
1 3 TR BR 0
GAMEOVER WINNER 0
# Game ended: Wed Apr 10 18:52:30 EDT 2019
