# Server version 0.08 running on 142.157.55.211:8123
# Game ID: 460
# Board class: pentago_swap.PentagoBoard
# Timeout: 2000
# First Move Timeout: 30000
# Date: Tue Apr 09 18:54:40 EDT 2019
# Player 1: Player-0, '260736135', running on 142.157.55.211
# Player 2: Player-1, 'RandomPlayer', running on 142.157.55.211
START Player-0 260736135
START Player-1 RandomPlayer
5 2 BL BR 0
0 1 TR BR 1
3 1 TR BR 0
3 2 TL TR 1
0 1 TR BR 0
1 4 BL BR 1
1 0 TR BL 0
3 2 TL BL 1
4 3 TR BR 0
GAMEOVER WINNER 0
# Game ended: Tue Apr 09 18:54:43 EDT 2019
