# Server version 0.08 running on 142.157.55.211:8123
# Game ID: 229
# Board class: pentago_swap.PentagoBoard
# Timeout: 200000
# First Move Timeout: 30000
# Date: Mon Apr 08 16:48:43 EDT 2019
# Player 1: Player-0, '260736135', running on 142.157.55.211
# Player 2: Player-1, 'RandomPlayer', running on 142.157.55.211
START Player-0 260736135
START Player-1 RandomPlayer
0 2 TL BL 0
0 1 TR BR 1
1 0 TL BR 0
3 0 TL TR 1
0 2 TL BL 0
1 5 BL BR 1
0 1 TR BL 0
3 4 TL BL 1
0 0 TL TR 0
5 4 BL BR 1
0 0 TL BL 0
4 1 TL TR 1
0 2 TR BL 0
1 5 BL BR 1
0 1 TL TR 0
5 2 TR BR 1
GAMEOVER WINNER 0
# Game ended: Mon Apr 08 16:48:49 EDT 2019
