# Server version 0.08 running on 10.162.212.12:8123
# Game ID: 602
# Board class: pentago_swap.PentagoBoard
# Timeout: 2000
# First Move Timeout: 30000
# Date: Wed Apr 10 01:22:30 EDT 2019
# Player 1: Player-0, '260736135', running on 10.162.212.12
# Player 2: Player-1, 'RandomPlayer', running on 10.162.212.12
START Player-0 260736135
START Player-1 RandomPlayer
0 0 TL TR 0
0 1 TR BR 1
3 4 TR BR 0
3 3 TL TR 1
3 2 TL BR 0
1 5 BL BR 1
3 4 BL BR 0
4 0 TL BL 1
2 3 TL BL 0
5 4 BL BR 1
4 0 BL BR 0
3 0 TL TR 1
3 5 TL TR 0
GAMEOVER WINNER 0
# Game ended: Wed Apr 10 01:22:37 EDT 2019
