# Server version 0.08 running on 10.162.212.12:8123
# Game ID: 105
# Board class: pentago_swap.PentagoBoard
# Timeout: 2000
# First Move Timeout: 30000
# Date: Sat Apr 06 14:07:20 EDT 2019
# Player 1: Player-0, 'SimonBot', running on localhost
# Player 2: Player-1, '260736135', running on localhost
START Player-0 SimonBot
START Player-1 260736135
0 0 TL TR 0
0 0 TL TR 1
0 1 TL TR 0
0 1 TL TR 1
0 2 TL TR 0
0 2 TL TR 1
1 0 TL TR 0
1 0 TL TR 1
1 1 TL TR 0
1 1 TL TR 1
1 2 TL TR 0
1 2 TL TR 1
2 0 TL TR 0
2 0 TL TR 1
2 1 TL TR 0
2 1 TL TR 1
2 2 TL TR 0
2 2 TL TR 1
3 0 TL TR 0
3 1 TL TR 1
4 0 TR BR 0
GAMEOVER WINNER 0
# Game ended: Sat Apr 06 14:07:21 EDT 2019
