# Server version 0.08 running on 142.157.7.146:8123
# Game ID: 672
# Board class: pentago_swap.PentagoBoard
# Timeout: 2000
# First Move Timeout: 30000
# Date: Wed Apr 10 18:52:51 EDT 2019
# Player 1: Player-0, '260736135', running on 142.157.7.146
# Player 2: Player-1, '260736135', running on 142.157.7.146
START Player-0 260736135
START Player-1 260736135
3 1 TL TR 0
4 5 TL TR 1
4 1 TL BL 0
4 4 BL BR 1
2 1 TR BR 0
4 0 TR BR 1
1 0 TL TR 0
3 1 TR BL 1
4 2 TL BR 0
2 4 BL BR 1
4 1 TL TR 0
0 0 TR BR 1
4 2 TL BL 0
GAMEOVER WINNER 0
# Game ended: Wed Apr 10 18:52:55 EDT 2019
