# Server version 0.08 running on 142.157.7.146:8123
# Game ID: 660
# Board class: pentago_swap.PentagoBoard
# Timeout: 2000
# First Move Timeout: 30000
# Date: Wed Apr 10 17:43:33 EDT 2019
# Player 1: Player-0, '260736135', running on 142.157.7.146
# Player 2: Player-1, '260711526', running on 142.157.112.163
START Player-0 260736135
START Player-1 260711526
0 0 TL TR 0
1 1 TR BR 1
3 4 TR BR 0
5 4 TR BR 1
3 5 TR BL 0
5 5 BL BR 1
2 4 TL TR 0
5 5 TR BL 1
0 1 TR BL 0
5 3 TL BR 1
3 3 TL TR 0
GAMEOVER WINNER 0
# Game ended: Wed Apr 10 17:43:48 EDT 2019
