# Server version 0.08 running on 142.157.55.211:8123
# Game ID: 573
# Board class: pentago_swap.PentagoBoard
# Timeout: 2000
# First Move Timeout: 30000
# Date: Wed Apr 10 00:09:56 EDT 2019
# Player 1: Player-0, '260736135', running on 142.157.55.211
# Player 2: Player-1, '260711526', running on 142.157.55.58
START Player-0 260736135
START Player-1 260711526
0 0 TL TR 0
0 0 TR BL 1
0 2 TL BR 0
0 0 TL BR 1
0 1 TL BR 0
0 1 TR BL 1
5 3 TR BL 0
0 2 TL BR 1
0 5 TL BR 0
0 3 TL BL 1
1 0 TR BL 0
0 1 TL BR 1
3 5 TL BR 0
1 1 TR BL 1
0 4 TR BL 0
1 2 TR BL 1
2 0 TR BL 0
1 3 TR BL 1
2 3 TR BL 0
1 4 TL BR 1
2 4 TL TR 0
1 2 TR BL 1
5 2 TR BL 0
1 3 TR BL 1
4 1 TR BL 0
2 0 TR BL 1
GAMEOVER WINNER 1
# Game ended: Wed Apr 10 00:10:04 EDT 2019
