# Server version 0.08 running on 10.162.212.12:8123
# Game ID: 83
# Board class: pentago_swap.PentagoBoard
# Timeout: 2000
# First Move Timeout: 30000
# Date: Fri Apr 05 18:26:55 EDT 2019
# Player 1: Player-0, '260736135', running on 10.162.212.12
# Player 2: Player-1, 'Human', running on 10.162.212.12
START Player-0 260736135
START Player-1 Human
0 4 TR BL 0
4 1 BL TR 1
1 2 TR BR 0
4 3 BR BL 1
4 4 BL BR 0
4 5 BR BL 1
0 0 TL BL 0
1 3 TR TL 1
0 0 TL BL 0
4 1 BL BR 1
0 1 TL BL 0
1 2 TL BL 1
0 2 TL BL 0
4 5 BR TL 1
GAMEOVER WINNER 1
# Game ended: Fri Apr 05 18:27:15 EDT 2019
