# Server version 0.08 running on 10.162.212.12:8123
# Game ID: 115
# Board class: pentago_swap.PentagoBoard
# Timeout: 2000
# First Move Timeout: 30000
# Date: Sat Apr 06 14:54:43 EDT 2019
# Player 1: Player-0, '260736135', running on 10.162.212.12
# Player 2: Player-1, 'SimonBot', running on localhost
START Player-0 260736135
START Player-1 SimonBot
5 2 TR BR 0
0 0 TL TR 1
0 4 TL TR 0
0 2 TL TR 1
4 0 BL BR 0
0 0 TL TR 1
2 2 TL BL 0
0 0 TL TR 1
5 1 BL BR 0
0 1 TL TR 1
1 5 TL TR 0
0 2 TL TR 1
0 1 BL BR 0
0 2 TL TR 1
4 5 TR BR 0
0 3 TL TR 1
2 0 TL BR 0
3 4 TR BL 1
GAMEOVER WINNER 1
# Game ended: Sat Apr 06 14:54:44 EDT 2019
