# Server version 0.08 running on 142.157.55.211:8123
# Game ID: 436
# Board class: pentago_swap.PentagoBoard
# Timeout: 2000
# First Move Timeout: 30000
# Date: Tue Apr 09 18:27:30 EDT 2019
# Player 1: Player-0, '260736135', running on 142.157.55.211
# Player 2: Player-1, 'RandomPlayer', running on 142.157.55.211
START Player-0 260736135
START Player-1 RandomPlayer
5 4 TL BR 0
0 1 TR BR 1
1 4 BL BR 0
3 3 TL TR 1
1 3 TL BL 0
1 5 BL BR 1
0 3 TR BR 0
3 1 TL BL 1
0 5 TL BL 0
5 3 BL BR 1
2 5 TL TR 0
2 5 TL TR 1
0 4 TL BR 0
1 2 BL BR 1
3 1 TR BL 0
5 0 TR BR 1
4 2 TR BR 0
1 3 TL BR 1
GAMEOVER TIMEOUT WINNER 1
# Game ended: Tue Apr 09 18:27:34 EDT 2019
