# Server version 0.08 running on 10.162.212.12:8123
# Game ID: 101
# Board class: pentago_swap.PentagoBoard
# Timeout: 2000
# First Move Timeout: 30000
# Date: Sat Apr 06 14:03:43 EDT 2019
# Player 1: Player-0, 'RandomPlayer', running on 10.162.212.12
# Player 2: Player-1, '260736135', running on 10.162.212.12
START Player-0 RandomPlayer
START Player-1 260736135
5 2 TR BR 0
5 0 TL TR 1
0 3 TL TR 0
3 4 TL TR 1
3 5 BL BR 0
1 0 TL BL 1
2 1 TL BL 0
0 0 TL TR 1
5 0 BL BR 0
0 1 TL TR 1
2 0 TL TR 0
0 2 TL TR 1
0 1 BL BR 0
0 2 TL TR 1
4 4 TR BR 0
0 3 TL TR 1
1 4 TL BR 0
1 1 TL TR 1
4 5 TR BR 0
0 4 TL TR 1
5 2 TL TR 0
0 5 TL TR 1
4 5 TR BR 0
1 0 TL TR 1
4 0 BL BR 0
2 1 TL TR 1
3 3 TR BR 0
1 4 TL TR 1
GAMEOVER WINNER 1
# Game ended: Sat Apr 06 14:03:44 EDT 2019
