# Server version 0.08 running on 10.162.212.12:8123
# Game ID: 41
# Board class: pentago_swap.PentagoBoard
# Timeout: 2000
# First Move Timeout: 30000
# Date: Fri Apr 05 17:59:17 EDT 2019
# Player 1: Player-0, 'RandomPlayer', running on 10.162.212.12
# Player 2: Player-1, '260736135', running on 10.162.212.12
START Player-0 RandomPlayer
START Player-1 260736135
5 2 TR BR 0
0 1 TR BR 1
0 4 TL TR 0
3 2 TL TR 1
4 0 BL BR 0
1 5 BL BR 1
2 1 TL BL 0
0 0 TL BL 1
5 3 BL BR 0
0 0 TL BL 1
1 3 TL TR 0
0 0 TL BL 1
0 2 BL BR 0
0 3 TL BL 1
5 2 TR BR 0
0 1 TL BL 1
2 0 TL BR 0
GAMEOVER WINNER 1
# Game ended: Fri Apr 05 17:59:20 EDT 2019
