# Server version 0.08 running on 142.157.55.211:8123
# Game ID: 466
# Board class: pentago_swap.PentagoBoard
# Timeout: 2000
# First Move Timeout: 30000
# Date: Tue Apr 09 18:55:53 EDT 2019
# Player 1: Player-0, 'SimonBot', running on localhost
# Player 2: Player-1, '260736135', running on 142.157.55.211
START Player-0 SimonBot
START Player-1 260736135
0 0 TL TR 0
5 2 TR BL 1
0 0 TL TR 0
2 0 TR BR 1
0 0 TL TR 0
3 2 TR BL 1
0 0 TL TR 0
5 4 BL BR 1
0 1 TL TR 0
3 2 TL BR 1
0 1 TL TR 0
4 4 TL BL 1
0 1 TL TR 0
2 1 TL BR 1
3 5 TL BR 0
GAMEOVER WINNER 0
# Game ended: Tue Apr 09 18:55:57 EDT 2019
