# Server version 0.08 running on 142.157.7.146:8123
# Game ID: 632
# Board class: pentago_swap.PentagoBoard
# Timeout: 2000
# First Move Timeout: 30000
# Date: Wed Apr 10 15:00:32 EDT 2019
# Player 1: Player-0, '260736135', running on 142.157.7.146
# Player 2: Player-1, '560726872', running on 142.157.21.24
START Player-0 260736135
START Player-1 560726872
0 0 TL TR 0
1 1 TL TR 1
0 1 TL TR 0
1 4 TL TR 1
0 2 TL TR 0
3 0 TL TR 1
1 2 TL BL 0
0 3 TR BL 1
2 5 TR BR 0
1 1 BL BR 1
0 5 TR BR 0
2 2 TR BR 1
GAMEOVER WINNER 1
# Game ended: Wed Apr 10 15:00:42 EDT 2019
