# Server version 0.08 running on 142.157.55.211:8123
# Game ID: 469
# Board class: pentago_swap.PentagoBoard
# Timeout: 2000
# First Move Timeout: 30000
# Date: Tue Apr 09 18:58:35 EDT 2019
# Player 1: Player-0, '260736135', running on 142.157.55.211
# Player 2: Player-1, '260736135', running on 142.157.55.211
START Player-0 260736135
START Player-1 260736135
5 3 TL BR 0
3 1 TR BR 1
5 2 TL TR 0
5 4 BL BR 1
1 5 TR BL 0
4 4 TR BR 1
4 4 TL BL 0
5 0 TR BL 1
5 5 TL TR 0
3 0 BL BR 1
4 2 TL BL 0
4 2 TL TR 1
3 5 TL BL 0
5 2 TL TR 1
4 5 TL TR 0
GAMEOVER WINNER 0
# Game ended: Tue Apr 09 18:58:42 EDT 2019
