# Server version 0.08 running on 10.162.212.12:8123
# Game ID: 69
# Board class: pentago_swap.PentagoBoard
# Timeout: 2000
# First Move Timeout: 30000
# Date: Fri Apr 05 18:21:36 EDT 2019
# Player 1: Player-0, '260736135', running on 10.162.212.12
# Player 2: Player-1, 'Human', running on 10.162.212.12
START Player-0 260736135
START Player-1 Human
0 5 TR BL 0
2 2 BR BL 1
3 4 TR BL 0
3 2 BL BR 1
1 0 TR BR 0
2 1 BL TL 1
0 0 TL BL 0
2 0 TR BR 1
0 0 TL BL 0
2 0 TL TR 1
0 0 TL BL 0
2 4 BR BL 1
GAMEOVER WINNER 1
# Game ended: Fri Apr 05 18:22:06 EDT 2019
