# Server version 0.08 running on 142.157.55.211:8123
# Game ID: 462
# Board class: pentago_swap.PentagoBoard
# Timeout: 2000
# First Move Timeout: 30000
# Date: Tue Apr 09 18:55:06 EDT 2019
# Player 1: Player-0, '260736135', running on 142.157.55.211
# Player 2: Player-1, 'RandomPlayer', running on 142.157.55.211
START Player-0 260736135
START Player-1 RandomPlayer
2 1 TL BL 0
0 1 TR BR 1
2 3 TL BL 0
3 3 TL TR 1
3 4 BL BR 0
1 3 BL BR 1
5 5 TR BL 0
3 1 TL BL 1
2 3 TL BL 0
5 3 BL BR 1
4 1 TL BL 0
3 3 TL TR 1
3 2 TR BL 0
1 0 BL BR 1
4 5 TR BL 0
5 1 TR BR 1
4 5 TL BL 0
1 2 TL BR 1
4 4 BL BR 0
4 0 TR BR 1
2 4 BL BR 0
2 2 TL TR 1
3 3 TL BR 0
3 5 TR BR 1
5 1 TL BL 0
4 4 BL BR 1
3 4 TR BL 0
1 0 TR BR 1
4 1 TL TR 0
GAMEOVER WINNER 1
# Game ended: Tue Apr 09 18:55:11 EDT 2019
