# Server version 0.08 running on 142.157.55.211:8123
# Game ID: 446
# Board class: pentago_swap.PentagoBoard
# Timeout: 2000
# First Move Timeout: 30000
# Date: Tue Apr 09 18:38:09 EDT 2019
# Player 1: Player-0, 'RandomPlayer', running on 142.157.55.211
# Player 2: Player-1, '260736135', running on 142.157.55.211
START Player-0 RandomPlayer
START Player-1 260736135
5 2 TR BR 0
5 1 TL BR 1
0 3 TL TR 0
1 3 TR BR 1
3 4 BL BR 0
2 4 TL BL 1
2 0 TL BL 0
0 2 TL BL 1
5 1 BL BR 0
1 5 TR BR 1
2 1 TL TR 0
4 1 TL TR 1
0 0 BL BR 0
5 2 BL BR 1
4 3 TR BR 0
4 5 TL BL 1
0 5 TL BR 0
1 4 TL TR 1
4 5 TR BR 0
0 1 TL BR 1
GAMEOVER WINNER 1
# Game ended: Tue Apr 09 18:38:09 EDT 2019
