# Server version 0.08 running on 142.157.55.211:8123
# Game ID: 581
# Board class: pentago_swap.PentagoBoard
# Timeout: 2000
# First Move Timeout: 30000
# Date: Wed Apr 10 00:18:12 EDT 2019
# Player 1: Player-0, '260711526', running on 142.157.55.58
# Player 2: Player-1, '260736135', running on 142.157.55.211
START Player-0 260711526
START Player-1 260736135
1 1 TR BR 0
0 1 TL TR 1
0 0 TL BL 0
3 2 BL BR 1
0 0 TR BL 0
0 3 TR BL 1
0 1 TR BL 0
2 5 TR BL 1
0 2 TR BL 0
3 0 TL BR 1
0 1 TR BL 0
0 5 TR BL 1
0 4 TR BL 0
3 2 TR BL 1
1 0 TR BL 0
1 2 TR BL 1
1 1 TR BL 0
2 2 TR BL 1
1 3 TR BL 0
2 5 TR BL 1
1 4 TR BL 0
1 5 TL BR 1
GAMEOVER WINNER 1
# Game ended: Wed Apr 10 00:18:18 EDT 2019
