# Server version 0.08 running on 10.162.212.12:8123
# Game ID: 625
# Board class: pentago_swap.PentagoBoard
# Timeout: 2000
# First Move Timeout: 30000
# Date: Wed Apr 10 10:54:56 EDT 2019
# Player 1: Player-0, 'SimonBot', running on localhost
# Player 2: Player-1, '260736135', running on 10.162.212.12
START Player-0 SimonBot
START Player-1 260736135
0 0 TL TR 0
1 4 TL TR 1
0 1 TL TR 0
0 5 TL TR 1
0 3 TL TR 0
2 3 TR BL 1
0 1 TL TR 0
2 4 TR BR 1
3 5 BL BR 0
GAMEOVER WINNER 0
# Game ended: Wed Apr 10 10:55:02 EDT 2019
