# Server version 0.08 running on 142.157.55.211:8123
# Game ID: 582
# Board class: pentago_swap.PentagoBoard
# Timeout: 2000
# First Move Timeout: 30000
# Date: Wed Apr 10 00:18:27 EDT 2019
# Player 1: Player-0, '260736135', running on 142.157.55.211
# Player 2: Player-1, 'RandomPlayer', running on 142.157.55.211
START Player-0 260736135
START Player-1 RandomPlayer
0 0 TL TR 0
0 1 TR BR 1
3 4 TR BR 0
3 3 TL TR 1
0 2 TL TR 0
2 1 BL BR 1
0 2 BL BR 0
4 0 TL BL 1
2 5 TR BL 0
5 4 BL BR 1
2 5 BL BR 0
3 5 TL TR 1
1 2 TL TR 0
1 1 BL BR 1
0 3 BL BR 0
5 1 TR BR 1
0 0 TR BR 0
2 0 TL BR 1
2 2 TL BR 0
4 2 TR BR 1
5 3 TR BL 0
2 3 TL TR 1
0 5 TL BR 0
4 0 TR BR 1
4 5 TL BL 0
4 1 BL BR 1
3 1 TL BL 0
GAMEOVER WINNER 0
# Game ended: Wed Apr 10 00:18:35 EDT 2019
