# Server version 0.08 running on 10.162.212.12:8123
# Game ID: 615
# Board class: pentago_swap.PentagoBoard
# Timeout: 2000
# First Move Timeout: 30000
# Date: Wed Apr 10 01:45:47 EDT 2019
# Player 1: Player-0, 'Human', running on 10.162.212.12
# Player 2: Player-1, '260736135', running on 10.162.212.12
START Player-0 Human
START Player-1 260736135
2 2 TL BL 0
0 0 TL BR 1
4 2 BL BR 0
3 1 TL BL 1
0 2 TL TR 0
1 3 TL TR 1
2 2 TL TR 0
1 5 TL TR 1
1 1 TL BL 0
5 0 TL BL 1
3 3 BL TR 0
4 4 TL TR 1
0 2 TL TR 0
3 2 TL TR 1
1 2 TL TR 0
3 5 TL TR 1
5 3 BL TL 0
5 4 TL BL 1
4 3 BL TL 0
5 0 TL BL 1
5 0 BL TR 0
1 0 TR BR 1
GAMEOVER WINNER 1
# Game ended: Wed Apr 10 01:52:24 EDT 2019
