# Server version 0.08 running on 142.157.7.146:8123
# Game ID: 586
# Board class: pentago_swap.PentagoBoard
# Timeout: 2000
# First Move Timeout: 30000
# Date: Wed Apr 10 00:37:52 EDT 2019
# Player 1: Player-0, '260736135', running on 142.157.7.146
# Player 2: Player-1, 'RandomPlayer', running on 142.157.7.146
START Player-0 260736135
START Player-1 RandomPlayer
0 0 TL TR 0
0 1 TR BR 1
0 0 TL TR 0
3 2 TL TR 1
5 2 TR BR 0
2 0 BL BR 1
0 4 TL TR 0
3 4 TL BL 1
3 2 TL BL 0
5 3 BL BR 1
5 1 BL BR 0
3 2 TL TR 1
0 2 TL TR 0
1 4 BL BR 1
4 1 BL BR 0
5 0 TR BR 1
4 1 TR BR 0
2 0 TL BR 1
1 5 TL BR 0
4 0 TR BR 1
4 3 TR BR 0
3 0 TL TR 1
1 3 TL BL 0
2 5 TR BR 1
1 2 TR BR 0
4 5 BL BR 1
0 1 TL TR 0
2 1 TR BR 1
2 4 TL BR 0
3 0 TL BL 1
5 1 BL BR 0
1 0 TL TR 1
GAMEOVER DRAW
# Game ended: Wed Apr 10 00:38:01 EDT 2019
