# Server version 0.08 running on 142.157.55.211:8123
# Game ID: 231
# Board class: pentago_swap.PentagoBoard
# Timeout: 200000
# First Move Timeout: 30000
# Date: Mon Apr 08 16:50:53 EDT 2019
# Player 1: Player-0, '260736135', running on 142.157.55.211
# Player 2: Player-1, 'RandomPlayer', running on 142.157.55.211
START Player-0 260736135
START Player-1 RandomPlayer
0 4 TR BL 0
0 1 TR BR 1
0 4 TR BR 0
3 2 TL TR 1
0 0 TL TR 0
1 5 BL BR 1
2 3 TL BL 0
4 0 TL BL 1
0 0 TL BL 0
5 4 BL BR 1
0 2 TL TR 0
3 5 TL TR 1
0 0 TL TR 0
1 3 BL BR 1
1 0 BL BR 0
5 3 TR BR 1
5 4 TL BL 0
1 5 TL BR 1
2 0 TL TR 0
4 4 TR BR 1
0 3 BL BR 0
3 4 TL TR 1
1 0 TR BL 0
4 1 TR BR 1
1 2 TL BR 0
GAMEOVER WINNER 0
# Game ended: Mon Apr 08 16:51:01 EDT 2019
