# Server version 0.08 running on 10.162.212.12:8123
# Game ID: 587
# Board class: pentago_swap.PentagoBoard
# Timeout: 2000
# First Move Timeout: 30000
# Date: Wed Apr 10 01:01:41 EDT 2019
# Player 1: Player-0, '260736135', running on 10.162.212.12
# Player 2: Player-1, 'SimonBot', running on localhost
START Player-0 260736135
START Player-1 SimonBot
0 0 TL TR 0
0 0 TL TR 1
0 5 TL TR 0
0 1 TL TR 1
2 3 TL TR 0
0 4 TL TR 1
1 3 TR BR 0
0 2 TL TR 1
0 2 TL TR 0
0 3 TL TR 1
0 1 TL TR 0
1 0 TL TR 1
2 1 TL TR 0
1 1 TL TR 1
1 1 TR BL 0
0 3 TL TR 1
0 2 TL TR 0
0 4 TL TR 1
2 1 TL TR 0
1 0 TL TR 1
1 0 TL BR 0
1 1 TL TR 1
5 1 TR BL 0
1 2 TL TR 1
5 2 TL TR 0
1 5 TL TR 1
4 4 BL BR 0
2 0 TL TR 1
5 0 TL TR 0
2 2 TL TR 1
2 2 TL TR 0
2 3 TL TR 1
5 2 TL BR 0
GAMEOVER WINNER 1
# Game ended: Wed Apr 10 01:01:49 EDT 2019
