# Server version 0.08 running on 10.162.212.12:8123
# Game ID: 623
# Board class: pentago_swap.PentagoBoard
# Timeout: 2000
# First Move Timeout: 30000
# Date: Wed Apr 10 10:53:55 EDT 2019
# Player 1: Player-0, '260736135', running on 10.162.212.12
# Player 2: Player-1, 'Human', running on 10.162.212.12
START Player-0 260736135
START Player-1 Human
0 0 TL TR 0
3 0 BR TR 1
3 4 TR BR 0
3 1 TR TL 1
0 2 TL TR 0
3 2 BR BL 1
0 1 TR BL 0
0 2 TR BR 1
0 0 TL BR 0
GAMEOVER WINNER 0
# Game ended: Wed Apr 10 10:54:20 EDT 2019
