# Server version 0.08 running on 142.157.7.146:8123
# Game ID: 680
# Board class: pentago_swap.PentagoBoard
# Timeout: 2000
# First Move Timeout: 30000
# Date: Sat Apr 13 14:02:30 EDT 2019
# Player 1: Player-0, 'RandomPlayer', running on 142.157.7.146
# Player 2: Player-1, '260616162', running on localhost
START Player-0 RandomPlayer
START Player-1 260616162
5 2 TR BR 0
0 1 TR BR 1
0 4 TL TR 0
3 2 TL TR 1
4 0 BL BR 0
1 5 BL BR 1
2 1 TL BL 0
3 5 TL BL 1
5 3 BL BR 0
5 3 BL BR 1
1 4 TL TR 0
3 1 TL TR 1
0 0 BL BR 0
1 1 BL BR 1
4 5 TR BR 0
5 3 TR BR 1
1 3 TL BR 0
