# Server version 0.08 running on 10.162.212.12:8123
# Game ID: 60
# Board class: pentago_swap.PentagoBoard
# Timeout: 2000
# First Move Timeout: 30000
# Date: Fri Apr 05 18:11:01 EDT 2019
# Player 1: Player-0, '260736135', running on 10.162.212.12
# Player 2: Player-1, 'Human', running on 10.162.212.12
START Player-0 260736135
START Player-1 Human
5 2 TR BR 0
4 2 BR BL 1
0 3 TL TR 0
3 3 BR BL 1
3 5 BL BR 0
4 4 BR BL 1
0 1 TL BL 0
1 0 TL TR 1
0 0 TL BL 0
1 2 TL BL 1
0 1 TL BL 0
1 1 BR BL 1
GAMEOVER WINNER 1
# Game ended: Fri Apr 05 18:11:16 EDT 2019
