# Server version 0.08 running on 142.157.55.211:8123
# Game ID: 457
# Board class: pentago_swap.PentagoBoard
# Timeout: 2000
# First Move Timeout: 30000
# Date: Tue Apr 09 18:51:49 EDT 2019
# Player 1: Player-0, '260736135', running on 142.157.55.211
# Player 2: Player-1, '260736135', running on 142.157.55.211
START Player-0 260736135
START Player-1 260736135
5 2 TL BL 0
3 3 TR BR 1
5 3 TR BR 0
2 1 TL BL 1
4 2 TR BL 0
4 0 TR BL 1
5 4 BL BR 0
4 2 TR BR 1
5 2 BL BR 0
5 1 TR BR 1
4 3 TL BR 0
0 5 TL BR 1
3 3 TR BR 0
5 2 TL BL 1
5 3 TL BR 0
4 5 TL TR 1
5 2 TL BR 0
1 3 TL BL 1
3 4 TL TR 0
4 1 BL BR 1
3 5 TL BL 0
4 1 TL BR 1
4 4 TR BL 0
GAMEOVER WINNER 1
# Game ended: Tue Apr 09 18:51:57 EDT 2019
