# Server version 0.08 running on 10.162.212.12:8123
# Game ID: 601
# Board class: pentago_swap.PentagoBoard
# Timeout: 2000
# First Move Timeout: 30000
# Date: Wed Apr 10 01:22:04 EDT 2019
# Starting at move 8
# Player 1: Player-0, 'Human', running on 10.162.212.12
# Player 2: Player-1, '260736135', running on 10.162.212.12
START Player-0 Human
START Player-1 260736135
0 0 TL TR 0
0 0 TL TR 1
0 1 TL TR 0
0 1 TL TR 1
0 2 TL TR 0
0 2 TL TR 1
3 0 TR BL 0
0 4 TL TR 1
3 3 TR BR 0
0 2 TR BL 1
GAMEOVER WINNER 1
# Game ended: Wed Apr 10 01:22:21 EDT 2019
