# Server version 0.08 running on 10.162.212.12:8123
# Game ID: 120
# Board class: pentago_swap.PentagoBoard
# Timeout: 2000
# First Move Timeout: 30000
# Date: Sat Apr 06 14:59:36 EDT 2019
# Player 1: Player-0, '260736135', running on 10.162.212.12
# Player 2: Player-1, 'RandomPlayer', running on 10.162.212.12
START Player-0 260736135
START Player-1 RandomPlayer
3 5 TL TR 0
0 1 TR BR 1
1 3 TL BR 0
3 2 TL TR 1
1 3 TL BL 0
1 5 BL BR 1
4 0 TL TR 0
3 3 TL BL 1
1 3 TL BL 0
5 4 BL BR 1
0 3 TL BL 0
3 3 TL TR 1
5 2 TL TR 0
1 4 BL BR 1
0 4 BL BR 0
5 3 TR BR 1
3 2 BL BR 0
1 5 TL BR 1
1 1 TL TR 0
4 5 TR BR 1
1 1 TR BL 0
3 1 TL TR 1
0 5 TL BL 0
4 2 TR BR 1
2 3 TL BL 0
5 2 BL BR 1
GAMEOVER WINNER 0
# Game ended: Sat Apr 06 14:59:36 EDT 2019
