# Server version 0.08 running on 142.157.55.211:8123
# Game ID: 463
# Board class: pentago_swap.PentagoBoard
# Timeout: 2000
# First Move Timeout: 30000
# Date: Tue Apr 09 18:55:17 EDT 2019
# Player 1: Player-0, '260736135', running on 142.157.55.211
# Player 2: Player-1, '260736135', running on 142.157.55.211
START Player-0 260736135
START Player-1 260736135
1 3 TL BL 0
3 2 TL BL 1
3 1 TL BL 0
4 3 TR BR 1
0 4 TL BR 0
2 3 TR BL 1
5 5 TL TR 0
5 3 TL TR 1
3 0 TL TR 0
0 5 TR BR 1
5 2 TL TR 0
1 3 TL BL 1
3 0 TR BL 0
3 3 TL BR 1
3 5 TL BR 0
GAMEOVER WINNER 0
# Game ended: Tue Apr 09 18:55:24 EDT 2019
