# Server version 0.08 running on 142.157.7.146:8123
# Game ID: 674
# Board class: pentago_swap.PentagoBoard
# Timeout: 2000
# First Move Timeout: 30000
# Date: Wed Apr 10 18:53:45 EDT 2019
# Player 1: Player-0, '260736135', running on 142.157.7.146
# Player 2: Player-1, '260736135', running on 142.157.7.146
START Player-0 260736135
START Player-1 260736135
5 4 TL TR 0
1 4 TL BR 1
1 1 TR BR 0
4 5 BL BR 1
0 1 TR BR 0
4 0 TR BL 1
1 0 TR BL 0
5 1 BL BR 1
1 2 TR BL 0
3 4 BL BR 1
4 4 TR BR 0
5 0 TL TR 1
1 2 BL BR 0
GAMEOVER WINNER 0
# Game ended: Wed Apr 10 18:53:49 EDT 2019
