# Server version 0.08 running on 142.157.7.146:8123
# Game ID: 633
# Board class: pentago_swap.PentagoBoard
# Timeout: 2000
# First Move Timeout: 30000
# Date: Wed Apr 10 15:01:00 EDT 2019
# Player 1: Player-0, '560726872', running on 142.157.21.24
# Player 2: Player-1, '260736135', running on 142.157.7.146
START Player-0 560726872
START Player-1 260736135
1 1 TL TR 0
0 4 TL TR 1
1 4 TL TR 0
0 3 TR BR 1
3 0 TL BL 0
3 5 TL BL 1
0 3 TL BL 0
4 3 TL BL 1
0 0 TR BL 0
0 4 TL BL 1
1 1 BL BR 0
2 2 BL BR 1
0 5 TL TR 0
2 0 TL TR 1
1 3 TR BR 0
5 4 TR BR 1
2 0 TL TR 0
1 3 TL TR 1
3 2 TL TR 0
1 1 TL TR 1
0 1 TL TR 0
5 0 TR BL 1
0 4 TL TR 0
3 2 TL TR 1
2 4 TL TR 0
GAMEOVER WINNER 0
# Game ended: Wed Apr 10 15:01:16 EDT 2019
