# Server version 0.08 running on 142.157.55.211:8123
# Game ID: 213
# Board class: pentago_swap.PentagoBoard
# Timeout: 200000
# First Move Timeout: 30000
# Date: Mon Apr 08 16:03:57 EDT 2019
# Player 1: Player-0, '260736135', running on 142.157.55.211
# Player 2: Player-1, '260736135', running on 142.157.55.211
START Player-0 260736135
START Player-1 260736135
0 0 TL TR 0
0 0 TL TR 1
0 1 TL TR 0
0 1 TL TR 1
0 2 TL TR 0
0 2 TL TR 1
1 0 TL TR 0
1 0 TL TR 1
1 1 TL TR 0
1 1 TL TR 1
1 2 TL TR 0
1 2 TL TR 1
3 2 TR BR 0
1 5 TR BR 1
3 1 TL TR 0
3 0 TL TR 1
2 5 BL BR 0
4 0 BL BR 1
5 4 TL BL 0
4 4 TR BL 1
GAMEOVER DRAW
# Game ended: Mon Apr 08 16:04:01 EDT 2019
