# Server version 0.08 running on 142.157.55.211:8123
# Game ID: 472
# Board class: pentago_swap.PentagoBoard
# Timeout: 2000
# First Move Timeout: 30000
# Date: Tue Apr 09 19:15:27 EDT 2019
# Player 1: Player-0, '260736135', running on 142.157.55.211
# Player 2: Player-1, 'RandomPlayer', running on 142.157.55.211
START Player-0 260736135
START Player-1 RandomPlayer
2 1 TR BL 0
0 1 TR BR 1
3 0 TL BR 0
3 1 TL TR 1
0 5 TL BR 0
1 5 BL BR 1
1 3 BL BR 0
4 0 TL BL 1
2 1 TR BL 0
5 4 BL BR 1
2 5 TL TR 0
3 3 TL TR 1
5 4 BL BR 0
1 2 BL BR 1
4 4 BL BR 0
5 2 TR BR 1
1 3 TL BR 0
1 0 TL BR 1
4 4 TR BL 0
4 1 TR BR 1
5 2 TL TR 0
2 5 TL TR 1
4 2 TL BL 0
2 3 TR BR 1
2 0 TL TR 0
4 1 BL BR 1
2 0 BL BR 0
0 4 TR BR 1
GAMEOVER WINNER 1
# Game ended: Tue Apr 09 19:15:34 EDT 2019
