# Server version 0.08 running on 142.157.55.211:8123
# Game ID: 260
# Board class: pentago_swap.PentagoBoard
# Timeout: 2000
# First Move Timeout: 30000
# Date: Mon Apr 08 17:53:10 EDT 2019
# Player 1: Player-0, 'RandomPlayer', running on 142.157.55.211
# Player 2: Player-1, '260736135', running on 142.157.55.211
START Player-0 RandomPlayer
START Player-1 260736135
5 2 TR BR 0
0 0 TL TR 1
0 4 TL TR 0
0 3 TL BL 1
4 1 BL BR 0
0 0 BL BR 1
2 0 TL BL 0
0 4 TL BL 1
5 3 BL BR 0
0 1 TR BL 1
1 4 TL TR 0
0 0 TL TR 1
0 2 BL BR 0
1 1 TL BL 1
5 1 TR BR 0
5 4 TR BR 1
1 3 TL BR 0
0 2 TR BL 1
GAMEOVER WINNER 1
# Game ended: Mon Apr 08 17:53:16 EDT 2019
