# Server version 0.08 running on 10.162.212.12:8123
# Game ID: 59
# Board class: pentago_swap.PentagoBoard
# Timeout: 2000
# First Move Timeout: 30000
# Date: Fri Apr 05 18:10:09 EDT 2019
# Player 1: Player-0, 'Human', running on 10.162.212.12
# Player 2: Player-1, '260736135', running on 10.162.212.12
START Player-0 Human
START Player-1 260736135
1 1 TL TR 0
0 1 TR BR 1
3 4 BR BL 0
3 2 TL TR 1
2 1 TL TR 0
1 4 BL BR 1
2 2 BR BL 0
0 0 TL BL 1
2 3 TR TL 0
0 0 TL BL 1
2 4 BL TL 0
0 1 TL BL 1
3 4 BL TL 0
0 2 TL BL 1
4 4 TL BL 0
GAMEOVER WINNER 0
# Game ended: Fri Apr 05 18:10:42 EDT 2019
