# Server version 0.08 running on 10.162.212.12:8123
# Game ID: 53
# Board class: pentago_swap.PentagoBoard
# Timeout: 2000
# First Move Timeout: 30000
# Date: Fri Apr 05 18:09:06 EDT 2019
# Player 1: Player-0, '260736135', running on 10.162.212.12
# Player 2: Player-1, 'RandomPlayer', running on 10.162.212.12
START Player-0 260736135
START Player-1 RandomPlayer
5 2 TR BR 0
0 1 TR BR 1
0 4 TL TR 0
3 2 TL TR 1
4 0 BL BR 0
1 5 BL BR 1
0 0 TL TR 0
3 4 TL BL 1
0 0 TL TR 0
5 4 BL BR 1
0 2 TL TR 0
3 5 TL TR 1
0 4 TL TR 0
1 5 BL BR 1
1 1 TL TR 0
5 2 TR BR 1
0 3 TL TR 0
1 4 TL BR 1
1 2 TL TR 0
4 4 TR BR 1
0 5 TL TR 0
2 5 TL TR 1
GAMEOVER WINNER 1
# Game ended: Fri Apr 05 18:09:06 EDT 2019
