# Server version 0.08 running on 142.157.55.211:8123
# Game ID: 564
# Board class: pentago_swap.PentagoBoard
# Timeout: 2000
# First Move Timeout: 30000
# Date: Wed Apr 10 00:05:23 EDT 2019
# Player 1: Player-0, '260711526', running on 142.157.55.58
# Player 2: Player-1, '260736135', running on 142.157.55.211
START Player-0 260711526
START Player-1 260736135
1 1 TR BR 0
0 0 TL TR 1
0 0 TL BL 0
0 5 BL BR 1
0 0 TL BL 0
0 0 TL BL 1
0 1 TL BR 0
0 4 TL TR 1
0 4 TR BL 0
3 5 TR BL 1
0 5 TR BL 0
GAMEOVER WINNER 0
# Game ended: Wed Apr 10 00:05:24 EDT 2019
