# Server version 0.08 running on 142.157.55.211:8123
# Game ID: 569
# Board class: pentago_swap.PentagoBoard
# Timeout: 2000
# First Move Timeout: 30000
# Date: Wed Apr 10 00:07:23 EDT 2019
# Player 1: Player-0, '260736135', running on 142.157.55.211
# Player 2: Player-1, '260736135', running on 142.157.55.211
START Player-0 260736135
START Player-1 260736135
0 0 TL TR 0
0 2 TR BR 1
0 0 TL BL 0
0 0 TL BL 1
0 1 TR BL 0
2 0 TL BR 1
0 2 BL BR 0
2 5 TR BL 1
0 1 TR BL 0
3 5 TR BL 1
GAMEOVER WINNER 0
# Game ended: Wed Apr 10 00:07:23 EDT 2019
