# Server version 0.08 running on 142.157.55.211:8123
# Game ID: 442
# Board class: pentago_swap.PentagoBoard
# Timeout: 2000
# First Move Timeout: 30000
# Date: Tue Apr 09 18:35:40 EDT 2019
# Player 1: Player-0, '260736135', running on 142.157.55.211
# Player 2: Player-1, '260736135', running on 142.157.55.211
START Player-0 260736135
START Player-1 260736135
0 5 BL BR 0
5 2 BL BR 1
2 4 TL BL 0
3 0 TL BL 1
1 3 TR BL 0
0 4 TR BL 1
2 1 TL BL 0
3 2 TL TR 1
2 2 TL BR 0
3 4 BL BR 1
2 4 TL TR 0
1 0 BL BR 1
0 4 TL BR 0
4 2 TL TR 1
4 5 TR BL 0
2 0 TR BL 1
5 5 TL BR 0
4 3 TR BR 1
4 5 TL TR 0
GAMEOVER WINNER 0
# Game ended: Tue Apr 09 18:35:41 EDT 2019
