# Server version 0.08 running on 142.157.7.146:8123
# Game ID: 645
# Board class: pentago_swap.PentagoBoard
# Timeout: 2000
# First Move Timeout: 30000
# Date: Wed Apr 10 16:14:25 EDT 2019
# Player 1: Player-0, '560726872', running on 142.157.21.24
# Player 2: Player-1, '260736135', running on 142.157.7.146
START Player-0 560726872
START Player-1 260736135
1 1 TL TR 0
1 1 TL TR 1
4 1 TL TR 0
4 4 TL TR 1
0 0 TL TR 0
2 4 TR BR 1
5 2 TL BL 0
0 5 TL TR 1
0 0 TL TR 0
1 0 BL BR 1
0 0 BL BR 0
GAMEOVER WINNER 0
# Game ended: Wed Apr 10 16:14:27 EDT 2019
