# Server version 0.08 running on 142.157.7.146:8123
# Game ID: 657
# Board class: pentago_swap.PentagoBoard
# Timeout: 2000
# First Move Timeout: 30000
# Date: Wed Apr 10 16:35:52 EDT 2019
# Player 1: Player-0, '260736135', running on 142.157.7.146
# Player 2: Player-1, '260711526', running on 142.157.112.163
START Player-0 260736135
START Player-1 260711526
0 0 TL TR 0
1 1 TR BR 1
0 2 TL BL 0
0 0 TL BL 1
0 1 TL BL 0
0 1 TL BL 1
3 4 TL BL 0
0 2 TL TR 1
0 0 TL TR 0
0 4 TL BL 1
0 0 TL BL 0
GAMEOVER WINNER 0
# Game ended: Wed Apr 10 16:35:58 EDT 2019
