# Server version 0.08 running on 142.157.7.146:8123
# Game ID: 644
# Board class: pentago_swap.PentagoBoard
# Timeout: 2000
# First Move Timeout: 30000
# Date: Wed Apr 10 16:13:43 EDT 2019
# Player 1: Player-0, '260736135', running on 142.157.7.146
# Player 2: Player-1, '260716696', running on 142.157.24.227
START Player-0 260736135
START Player-1 260716696
1 1 TL TR 0
4 4 TL TR 1
1 4 TL TR 0
4 1 TL TR 1
1 3 TR BR 0
0 5 TL BR 1
3 1 TL TR 0
3 2 TL TR 1
0 1 BL BR 0
2 3 BL BR 1
GAMEOVER WINNER 1
# Game ended: Wed Apr 10 16:13:48 EDT 2019
