# Server version 0.08 running on 10.162.212.12:8123
# Game ID: 88
# Board class: pentago_swap.PentagoBoard
# Timeout: 2000
# First Move Timeout: 30000
# Date: Fri Apr 05 23:41:10 EDT 2019
# Player 1: Player-0, '260736135', running on 10.162.212.12
# Player 2: Player-1, 'Human', running on 10.162.212.12
START Player-0 260736135
START Player-1 Human
2 0 TR BR 0
2 1 TL BL 1
0 4 TL TR 0
5 2 BL TL 1
4 0 TR BR 0
2 3 TL BL 1
0 0 TL BL 0
2 4 BL TL 1
0 2 TL TR 0
2 2 TL TR 1
0 3 TL TR 0
0 1 TL BL 1
0 0 TL TR 0
0 4 TR TL 1
0 2 TL TR 0
5 3 BR BL 1
1 1 TL TR 0
5 2 BL BR 1
1 0 TL TR 0
5 4 BR BL 1
GAMEOVER WINNER 1
# Game ended: Fri Apr 05 23:41:45 EDT 2019
