# Server version 0.08 running on 142.157.55.211:8123
# Game ID: 470
# Board class: pentago_swap.PentagoBoard
# Timeout: 2000
# First Move Timeout: 30000
# Date: Tue Apr 09 19:03:53 EDT 2019
# Player 1: Player-0, '260736135', running on 142.157.55.211
# Player 2: Player-1, '260736135', running on 142.157.55.211
START Player-0 260736135
START Player-1 260736135
5 2 TL BL 0
3 0 TL BR 1
5 2 TR BR 0
3 2 BL BR 1
4 3 TR BL 0
5 4 BL BR 1
5 3 BL BR 0
2 1 TL BL 1
5 0 BL BR 0
0 5 TR BR 1
1 3 BL BR 0
5 2 BL BR 1
0 4 TL BR 0
5 0 TL BR 1
5 3 BL BR 0
5 1 BL BR 1
4 5 TL BR 0
4 5 TL TR 1
4 1 TL TR 0
3 4 TL BR 1
0 3 TR BR 0
4 2 TR BR 1
4 3 TR BL 0
5 2 BL BR 1
0 4 TL BL 0
3 0 TL TR 1
GAMEOVER WINNER 0
# Game ended: Tue Apr 09 19:04:00 EDT 2019
