# Server version 0.08 running on 142.157.55.211:8123
# Game ID: 477
# Board class: pentago_swap.PentagoBoard
# Timeout: 2000
# First Move Timeout: 30000
# Date: Tue Apr 09 19:28:31 EDT 2019
# Player 1: Player-0, 'SimonBot', running on localhost
# Player 2: Player-1, '260736135', running on 142.157.55.211
START Player-0 SimonBot
START Player-1 260736135
0 0 TL TR 0
2 0 BL BR 1
0 0 TL TR 0
3 3 TR BR 1
0 1 TL TR 0
2 0 TL BL 1
0 0 TL TR 0
2 5 TR BR 1
0 2 TL TR 0
2 3 TR BL 1
0 1 TL BR 0
GAMEOVER WINNER 0
# Game ended: Tue Apr 09 19:28:31 EDT 2019
