# Server version 0.08 running on 142.157.7.146:8123
# Game ID: 677
# Board class: pentago_swap.PentagoBoard
# Timeout: 2000
# First Move Timeout: 30000
# Date: Sat Apr 13 13:59:10 EDT 2019
# Player 1: Player-0, '260736135', running on 142.157.7.146
# Player 2: Player-1, 'RandomPlayer', running on 142.157.7.146
START Player-0 260736135
START Player-1 RandomPlayer
0 1 BL BR 0
0 2 TR BR 1
1 1 TL BR 0
3 0 TL TR 1
4 5 TL BL 0
1 4 BL BR 1
2 3 BL BR 0
3 2 TL BL 1
5 4 TL BL 0
5 3 BL BR 1
5 2 TL BL 0
4 1 TL TR 1
4 4 TL TR 0
1 0 BL BR 1
3 1 TR BR 0
GAMEOVER WINNER 0
# Game ended: Sat Apr 13 13:59:13 EDT 2019
