# Server version 0.08 running on 10.162.212.12:8123
# Game ID: 3
# Board class: pentago_swap.PentagoBoard
# Timeout: 2000
# First Move Timeout: 30000
# Date: Fri Apr 05 16:08:00 EDT 2019
# Player 1: Player-0, '260736135', running on 10.162.212.12
# Player 2: Player-1, 'Human', running on 10.162.212.12
START Player-0 260736135
START Player-1 Human
5 2 TR BR 0
4 2 BR BL 1
0 3 TL TR 0
4 4 BR BL 1
3 4 BL BR 0
4 3 BR BL 1
2 1 TR TL 0
4 4 BR BL 1
2 1 TR TL 0
4 2 BR BL 1
GAMEOVER ILLEGAL MOVE: Player 0, Move: (2, 1), Swap: (TR, TL) WINNER 1
# Game ended: Fri Apr 05 16:08:16 EDT 2019
