# Server version 0.08 running on 142.157.7.146:8123
# Game ID: 668
# Board class: pentago_swap.PentagoBoard
# Timeout: 2000
# First Move Timeout: 30000
# Date: Wed Apr 10 18:52:15 EDT 2019
# Player 1: Player-0, '260736135', running on 142.157.7.146
# Player 2: Player-1, '260736135', running on 142.157.7.146
START Player-0 260736135
START Player-1 260736135
3 4 TR BR 0
4 5 TR BR 1
4 4 TL BL 0
0 5 TL BR 1
2 1 TL BL 0
2 5 TL TR 1
4 2 TR BR 0
1 1 TL BL 1
1 0 BL BR 0
4 3 TL BL 1
1 4 TR BL 0
5 4 TL BR 1
3 2 TL TR 0
0 4 BL BR 1
3 1 BL BR 0
4 3 TL BL 1
0 1 TL BL 0
GAMEOVER WINNER 0
# Game ended: Wed Apr 10 18:52:22 EDT 2019
