# Server version 0.08 running on 142.157.7.146:8123
# Game ID: 634
# Board class: pentago_swap.PentagoBoard
# Timeout: 2000
# First Move Timeout: 30000
# Date: Wed Apr 10 15:02:05 EDT 2019
# Player 1: Player-0, '260716696', running on 142.157.24.227
# Player 2: Player-1, '260736135', running on 142.157.7.146
START Player-0 260716696
START Player-1 260736135
4 4 TL TR 0
3 4 TL TR 1
4 1 TL TR 0
1 2 TR BR 1
2 3 TL BR 0
0 3 TL TR 1
3 1 TL TR 0
0 5 TL TR 1
0 4 BL BR 0
3 1 BL BR 1
3 3 TL BL 0
3 5 BL BR 1
GAMEOVER WINNER 1
# Game ended: Wed Apr 10 15:02:23 EDT 2019
