# Server version 0.08 running on 10.162.212.12:8123
# Game ID: 616
# Board class: pentago_swap.PentagoBoard
# Timeout: 2000
# First Move Timeout: 30000
# Date: Wed Apr 10 02:15:40 EDT 2019
# Player 1: Player-0, '260736135', running on 10.162.212.12
# Player 2: Player-1, '260736135', running on 10.162.212.12
START Player-0 260736135
START Player-1 260736135
0 1 TL TR 0
0 0 BL BR 1
1 4 TR BL 0
0 1 TL TR 1
5 1 TL BR 0
0 5 TL TR 1
4 0 TL TR 0
1 4 TL TR 1
4 2 TL TR 0
2 4 TL TR 1
5 0 TR BL 0
1 2 TL TR 1
2 2 TL BL 0
1 3 TL BR 1
3 2 TL BR 0
2 3 TL BL 1
3 1 TL TR 0
2 2 TR BL 1
2 3 TL BL 0
5 3 TL TR 1
2 1 TL TR 0
GAMEOVER WINNER 0
# Game ended: Wed Apr 10 02:15:41 EDT 2019
