# Server version 0.08 running on 10.162.212.12:8123
# Game ID: 605
# Board class: pentago_swap.PentagoBoard
# Timeout: 2000
# First Move Timeout: 30000
# Date: Wed Apr 10 01:24:08 EDT 2019
# Player 1: Player-0, '260736135', running on 10.162.212.12
# Player 2: Player-1, 'Human', running on 10.162.212.12
START Player-0 260736135
START Player-1 Human
0 0 TL TR 0
1 4 TR TL 1
0 1 TL TR 0
0 5 TR TL 1
1 0 TL TR 0
2 3 TR TL 1
5 2 TR BR 0
3 2 BR TR 1
1 3 TL BL 0
0 4 TR TL 1
3 5 BL BR 0
5 4 BR TR 1
5 3 TR BR 0
5 5 BR BL 1
5 5 BL BR 0
4 0 BL TL 1
5 2 TL BL 0
3 1 BL TL 1
4 2 TL BL 0
4 2 BL BR 1
1 4 BL BR 0
4 1 BL BR 1
5 4 TR BL 0
5 3 BR BL 1
5 4 TL TR 0
GAMEOVER WINNER 0
# Game ended: Wed Apr 10 01:25:30 EDT 2019
