# Server version 0.08 running on 10.162.212.12:8123
# Game ID: 596
# Board class: pentago_swap.PentagoBoard
# Timeout: 2000
# First Move Timeout: 30000
# Date: Wed Apr 10 01:12:41 EDT 2019
# Player 1: Player-0, 'RandomPlayer', running on 10.162.212.12
# Player 2: Player-1, '260736135', running on 10.162.212.12
START Player-0 RandomPlayer
START Player-1 260736135
5 2 TR BR 0
4 1 TL TR 1
0 3 TL TR 0
3 2 TL TR 1
3 5 BL BR 0
2 3 BL BR 1
1 5 TL BL 0
1 4 TL BL 1
5 3 BL BR 0
5 3 BL BR 1
GAMEOVER WINNER 1
# Game ended: Wed Apr 10 01:12:51 EDT 2019
