# Server version 0.08 running on 142.157.55.211:8123
# Game ID: 314
# Board class: pentago_swap.PentagoBoard
# Timeout: 2000
# First Move Timeout: 30000
# Date: Mon Apr 08 20:52:27 EDT 2019
# Player 1: Player-0, '260736135', running on 142.157.55.211
# Player 2: Player-1, 'RandomPlayer', running on 142.157.55.211
START Player-0 260736135
START Player-1 RandomPlayer
0 0 BL BR 0
0 2 TR BR 1
0 1 TL BL 0
3 3 TL TR 1
0 0 TR BL 0
2 1 BL BR 1
0 1 TL BL 0
3 5 TL BL 1
0 2 BL BR 0
GAMEOVER WINNER 0
# Game ended: Mon Apr 08 20:52:27 EDT 2019
