# Server version 0.08 running on 10.162.212.12:8123
# Game ID: 87
# Board class: pentago_swap.PentagoBoard
# Timeout: 2000
# First Move Timeout: 30000
# Date: Fri Apr 05 23:41:03 EDT 2019
# Player 1: Player-0, '260736135', running on 10.162.212.12
# Player 2: Player-1, '260736135', running on 10.162.212.12
START Player-0 260736135
START Player-1 260736135
2 5 TL BL 0
2 0 BL BR 1
2 3 BL BR 0
4 4 BL BR 1
1 3 TL TR 0
3 0 TL TR 1
0 0 TL BL 0
0 1 TL BL 1
0 1 TL BL 0
0 2 TL BL 1
0 2 TL BL 0
0 3 TL BL 1
0 4 TL BL 0
0 5 TL BL 1
1 0 TL BL 0
1 0 TL TR 1
1 1 TL BL 0
1 1 TL TR 1
1 2 TL BL 0
1 2 TL TR 1
1 2 TL TR 0
2 1 TL TR 1
2 1 TL TR 0
2 5 TL TR 1
3 3 TL TR 0
3 4 TL TR 1
3 5 TL TR 0
4 3 TL TR 1
4 4 TL TR 0
4 5 TL TR 1
5 0 TL TR 0
5 1 TL TR 1
5 2 TL TR 0
5 3 TL TR 1
5 4 TL TR 0
5 5 TL TR 1
GAMEOVER DRAW
# Game ended: Fri Apr 05 23:41:05 EDT 2019
