# Server version 0.08 running on 142.157.55.211:8123
# Game ID: 425
# Board class: pentago_swap.PentagoBoard
# Timeout: 2000
# First Move Timeout: 30000
# Date: Tue Apr 09 18:23:15 EDT 2019
# Player 1: Player-0, '260736135', running on 142.157.55.211
# Player 2: Player-1, 'RandomPlayer', running on 142.157.55.211
START Player-0 260736135
START Player-1 RandomPlayer
2 3 TL BL 0
0 1 TR BR 1
1 4 BL BR 0
3 2 TL TR 1
1 0 TL BR 0
1 4 BL BR 1
2 4 TR BL 0
3 2 TL BL 1
5 1 BL BR 0
5 3 BL BR 1
2 5 TR BR 0
3 2 TL TR 1
3 0 TR BL 0
1 1 BL BR 1
0 0 TR BL 0
5 2 TR BR 1
1 3 TR BL 0
1 4 TL BR 1
GAMEOVER WINNER 1
# Game ended: Tue Apr 09 18:23:16 EDT 2019
