# Server version 0.08 running on 10.162.212.12:8123
# Game ID: 1
# Board class: pentago_swap.PentagoBoard
# Timeout: 2000
# First Move Timeout: 30000
# Date: Fri Apr 05 15:56:20 EDT 2019
# Player 1: Player-0, 'Human', running on 10.162.212.12
# Player 2: Player-1, '260736135', running on 10.162.212.12
START Player-0 Human
START Player-1 260736135
3 0 BL TL 0
0 2 TR BR 1
1 1 TL TR 0
3 3 TL TR 1
2 2 TR BL 0
2 0 BL BR 1
3 3 BR BL 0
4 0 TL BL 1
1 1 TL BR 0
5 4 BL BR 1
4 2 BL TL 0
3 2 TL TR 1
4 2 TL BR 0
1 2 BL BR 1
3 2 TR BR 0
GAMEOVER WINNER 0
# Game ended: Fri Apr 05 15:56:59 EDT 2019
