# Server version 0.08 running on 10.162.212.12:8123
# Game ID: 356
# Board class: pentago_swap.PentagoBoard
# Timeout: 2000
# First Move Timeout: 30000
# Date: Tue Apr 09 01:25:35 EDT 2019
# Player 1: Player-0, '260736135', running on 10.162.212.12
# Player 2: Player-1, 'RandomPlayer', running on 10.162.212.12
START Player-0 260736135
START Player-1 RandomPlayer
1 0 TL BL 0
0 1 TR BR 1
0 0 TL BR 0
3 0 TL TR 1
0 0 TL TR 0
1 4 BL BR 1
0 0 TL TR 0
3 5 TL BL 1
0 2 TL TR 0
5 4 BL BR 1
0 1 TL TR 0
3 4 TL TR 1
0 2 TL BL 0
1 4 BL BR 1
0 1 TR BL 0
5 3 TR BR 1
1 1 TL BL 0
2 0 TL BR 1
0 2 TL BL 0
4 5 TR BR 1
1 2 TL TR 0
4 3 TL TR 1
1 3 TL TR 0
4 5 TR BR 1
1 4 TL TR 0
5 2 BL BR 1
2 1 TR BR 0
GAMEOVER WINNER 0
# Game ended: Tue Apr 09 01:25:35 EDT 2019
